<?xml version="1.0" encoding="UTF-8"?>
<coverage generated="1655201132792" clover="3.2.0">
  <project timestamp="1655201132792" name="All files">
    <metrics statements="163" coveredstatements="129" conditionals="48" coveredconditionals="36" methods="45" coveredmethods="26" elements="256" coveredelements="191" complexity="0" loc="163" ncloc="163" packages="9" files="10" classes="10"/>
    <package name="components.organisms.BookCategories">
      <metrics statements="30" coveredstatements="30" conditionals="16" coveredconditionals="15" methods="7" coveredmethods="7"/>
      <file name="bookcatO.tsx" path="/home/yashwl/React_demo_app/blinkist-app/src/components/organisms/BookCategories/bookcatO.tsx">
        <metrics statements="30" coveredstatements="30" conditionals="16" coveredconditionals="15" methods="7" coveredmethods="7"/>
        <line num="27" count="3" type="stmt"/>
        <line num="35" count="3" type="stmt"/>
        <line num="43" count="3" type="stmt"/>
        <line num="44" count="14" type="stmt"/>
        <line num="45" count="14" type="stmt"/>
        <line num="46" count="14" type="stmt"/>
        <line num="47" count="14" type="stmt"/>
        <line num="48" count="14" type="stmt"/>
        <line num="50" count="14" type="stmt"/>
        <line num="55" count="14" type="stmt"/>
        <line num="56" count="7" type="cond" truecount="2" falsecount="0"/>
        <line num="57" count="22" type="stmt"/>
        <line num="58" count="2" type="stmt"/>
        <line num="60" count="5" type="cond" truecount="2" falsecount="0"/>
        <line num="61" count="33" type="stmt"/>
        <line num="62" count="3" type="stmt"/>
        <line num="65" count="2" type="cond" truecount="1" falsecount="1"/>
        <line num="66" count="22" type="stmt"/>
        <line num="67" count="2" type="stmt"/>
        <line num="71" count="14" type="stmt"/>
        <line num="72" count="7" type="cond" truecount="2" falsecount="0"/>
        <line num="73" count="3" type="stmt"/>
        <line num="74" count="4" type="cond" truecount="2" falsecount="0"/>
        <line num="75" count="2" type="stmt"/>
        <line num="77" count="2" type="stmt"/>
        <line num="81" count="14" type="stmt"/>
        <line num="87" count="107" type="cond" truecount="2" falsecount="0"/>
        <line num="88" count="45" type="stmt"/>
        <line num="103" count="62" type="cond" truecount="4" falsecount="0"/>
        <line num="105" count="45" type="stmt"/>
      </file>
    </package>
    <package name="components.organisms.BookDescription">
      <metrics statements="15" coveredstatements="13" conditionals="0" coveredconditionals="0" methods="3" coveredmethods="1"/>
      <file name="bookdescO.tsx" path="/home/yashwl/React_demo_app/blinkist-app/src/components/organisms/BookDescription/bookdescO.tsx">
        <metrics statements="15" coveredstatements="13" conditionals="0" coveredconditionals="0" methods="3" coveredmethods="1"/>
        <line num="18" count="3" type="stmt"/>
        <line num="27" count="3" type="stmt"/>
        <line num="33" count="3" type="stmt"/>
        <line num="38" count="3" type="stmt"/>
        <line num="46" count="3" type="stmt"/>
        <line num="52" count="3" type="stmt"/>
        <line num="60" count="3" type="stmt"/>
        <line num="65" count="3" type="stmt"/>
        <line num="72" count="3" type="stmt"/>
        <line num="73" count="2" type="stmt"/>
        <line num="88" count="2" type="stmt"/>
        <line num="89" count="2" type="stmt"/>
        <line num="90" count="0" type="stmt"/>
        <line num="93" count="2" type="stmt"/>
        <line num="130" count="0" type="stmt"/>
      </file>
    </package>
    <package name="components.organisms.Card">
      <metrics statements="43" coveredstatements="26" conditionals="16" coveredconditionals="14" methods="12" coveredmethods="3"/>
      <file name="cardO.stories.tsx" path="/home/yashwl/React_demo_app/blinkist-app/src/components/organisms/Card/cardO.stories.tsx">
        <metrics statements="3" coveredstatements="0" conditionals="0" coveredconditionals="0" methods="1" coveredmethods="0"/>
        <line num="12" count="0" type="stmt"/>
        <line num="14" count="0" type="stmt"/>
        <line num="15" count="0" type="stmt"/>
      </file>
      <file name="cardO.tsx" path="/home/yashwl/React_demo_app/blinkist-app/src/components/organisms/Card/cardO.tsx">
        <metrics statements="40" coveredstatements="26" conditionals="16" coveredconditionals="14" methods="11" coveredmethods="3"/>
        <line num="16" count="6" type="stmt"/>
        <line num="24" count="6" type="stmt"/>
        <line num="29" count="6" type="stmt"/>
        <line num="37" count="6" type="stmt"/>
        <line num="47" count="6" type="stmt"/>
        <line num="55" count="6" type="stmt"/>
        <line num="63" count="6" type="stmt"/>
        <line num="67" count="6" type="stmt"/>
        <line num="74" count="6" type="stmt"/>
        <line num="173" count="6" type="stmt"/>
        <line num="174" count="97" type="stmt"/>
        <line num="175" count="95" type="stmt"/>
        <line num="177" count="95" type="stmt"/>
        <line num="179" count="95" type="stmt"/>
        <line num="193" count="95" type="stmt"/>
        <line num="194" count="0" type="stmt"/>
        <line num="200" count="95" type="stmt"/>
        <line num="201" count="0" type="stmt"/>
        <line num="204" count="95" type="stmt"/>
        <line num="206" count="93" type="stmt"/>
        <line num="207" count="93" type="cond" truecount="4" falsecount="0"/>
        <line num="208" count="91" type="stmt"/>
        <line num="209" count="0" type="stmt"/>
        <line num="210" count="0" type="stmt"/>
        <line num="212" count="93" type="stmt"/>
        <line num="216" count="95" type="stmt"/>
        <line num="219" count="0" type="stmt"/>
        <line num="224" count="0" type="stmt"/>
        <line num="227" count="95" type="stmt"/>
        <line num="228" count="0" type="cond" truecount="0" falsecount="2"/>
        <line num="229" count="0" type="stmt"/>
        <line num="232" count="0" type="stmt"/>
        <line num="236" count="0" type="stmt"/>
        <line num="239" count="95" type="stmt"/>
        <line num="240" count="95" type="stmt"/>
        <line num="241" count="0" type="stmt"/>
        <line num="244" count="95" type="stmt"/>
        <line num="279" count="0" type="stmt"/>
        <line num="290" count="0" type="stmt"/>
        <line num="300" count="0" type="stmt"/>
      </file>
    </package>
    <package name="components.organisms.ExtendedNav">
      <metrics statements="9" coveredstatements="9" conditionals="0" coveredconditionals="0" methods="3" coveredmethods="3"/>
      <file name="extendednavO.tsx" path="/home/yashwl/React_demo_app/blinkist-app/src/components/organisms/ExtendedNav/extendednavO.tsx">
        <metrics statements="9" coveredstatements="9" conditionals="0" coveredconditionals="0" methods="3" coveredmethods="3"/>
        <line num="8" count="5" type="stmt"/>
        <line num="17" count="5" type="stmt"/>
        <line num="76" count="5" type="stmt"/>
        <line num="77" count="5" type="stmt"/>
        <line num="79" count="5" type="stmt"/>
        <line num="80" count="5" type="stmt"/>
        <line num="81" count="1" type="stmt"/>
        <line num="85" count="5" type="stmt"/>
        <line num="95" count="90" type="stmt"/>
      </file>
    </package>
    <package name="components.organisms.Footer">
      <metrics statements="9" coveredstatements="9" conditionals="0" coveredconditionals="0" methods="1" coveredmethods="1"/>
      <file name="footerO.tsx" path="/home/yashwl/React_demo_app/blinkist-app/src/components/organisms/Footer/footerO.tsx">
        <metrics statements="9" coveredstatements="9" conditionals="0" coveredconditionals="0" methods="1" coveredmethods="1"/>
        <line num="9" count="4" type="stmt"/>
        <line num="17" count="4" type="stmt"/>
        <line num="24" count="4" type="stmt"/>
        <line num="35" count="4" type="stmt"/>
        <line num="42" count="4" type="stmt"/>
        <line num="55" count="4" type="stmt"/>
        <line num="65" count="4" type="stmt"/>
        <line num="66" count="3" type="stmt"/>
        <line num="68" count="3" type="stmt"/>
      </file>
    </package>
    <package name="components.organisms.Header">
      <metrics statements="22" coveredstatements="16" conditionals="12" coveredconditionals="5" methods="4" coveredmethods="2"/>
      <file name="headerO.tsx" path="/home/yashwl/React_demo_app/blinkist-app/src/components/organisms/Header/headerO.tsx">
        <metrics statements="22" coveredstatements="16" conditionals="12" coveredconditionals="5" methods="4" coveredmethods="2"/>
        <line num="14" count="4" type="stmt"/>
        <line num="26" count="4" type="stmt"/>
        <line num="85" count="4" type="stmt"/>
        <line num="87" count="3" type="stmt"/>
        <line num="88" count="3" type="stmt"/>
        <line num="90" count="3" type="stmt"/>
        <line num="93" count="3" type="stmt"/>
        <line num="97" count="3" type="stmt"/>
        <line num="98" count="0" type="cond" truecount="0" falsecount="2"/>
        <line num="100" count="0" type="cond" truecount="0" falsecount="2"/>
        <line num="101" count="0" type="stmt"/>
        <line num="103" count="0" type="stmt"/>
        <line num="106" count="3" type="stmt"/>
        <line num="107" count="1" type="cond" truecount="1" falsecount="1"/>
        <line num="108" count="1" type="cond" truecount="1" falsecount="1"/>
        <line num="109" count="0" type="stmt"/>
        <line num="111" count="1" type="stmt"/>
        <line num="115" count="3" type="stmt"/>
        <line num="117" count="3" type="stmt"/>
        <line num="119" count="3" type="stmt"/>
        <line num="120" count="0" type="stmt"/>
        <line num="122" count="3" type="stmt"/>
      </file>
    </package>
    <package name="components.organisms.Tabs">
      <metrics statements="26" coveredstatements="21" conditionals="4" coveredconditionals="2" methods="11" coveredmethods="8"/>
      <file name="tabsO.tsx" path="/home/yashwl/React_demo_app/blinkist-app/src/components/organisms/Tabs/tabsO.tsx">
        <metrics statements="26" coveredstatements="21" conditionals="4" coveredconditionals="2" methods="11" coveredmethods="8"/>
        <line num="9" count="3" type="stmt"/>
        <line num="13" count="3" type="stmt"/>
        <line num="17" count="3" type="stmt"/>
        <line num="26" count="3" type="stmt"/>
        <line num="39" count="3" type="stmt"/>
        <line num="40" count="2" type="stmt"/>
        <line num="42" count="1" type="stmt"/>
        <line num="44" count="0" type="stmt"/>
        <line num="47" count="1" type="stmt"/>
        <line num="64" count="1" type="stmt"/>
        <line num="65" count="1" type="stmt"/>
        <line num="66" count="1" type="stmt"/>
        <line num="67" count="0" type="stmt"/>
        <line num="68" count="0" type="stmt"/>
        <line num="72" count="1" type="stmt"/>
        <line num="73" count="0" type="stmt"/>
        <line num="76" count="1" type="stmt"/>
        <line num="77" count="1" type="stmt"/>
        <line num="80" count="1" type="stmt"/>
        <line num="82" count="1" type="cond" truecount="1" falsecount="1"/>
        <line num="83" count="1" type="cond" truecount="1" falsecount="1"/>
        <line num="85" count="1" type="stmt"/>
        <line num="135" count="1" type="stmt"/>
        <line num="137" count="1" type="stmt"/>
        <line num="157" count="1" type="stmt"/>
        <line num="159" count="0" type="stmt"/>
      </file>
    </package>
    <package name="components.organisms.searchbarfunction">
      <metrics statements="6" coveredstatements="4" conditionals="0" coveredconditionals="0" methods="3" coveredmethods="1"/>
      <file name="searchbarfunction.tsx" path="/home/yashwl/React_demo_app/blinkist-app/src/components/organisms/searchbarfunction/searchbarfunction.tsx">
        <metrics statements="6" coveredstatements="4" conditionals="0" coveredconditionals="0" methods="3" coveredmethods="1"/>
        <line num="7" count="3" type="stmt"/>
        <line num="39" count="3" type="stmt"/>
        <line num="41" count="3" type="stmt"/>
        <line num="42" count="0" type="stmt"/>
        <line num="45" count="3" type="stmt"/>
        <line num="55" count="0" type="stmt"/>
      </file>
    </package>
    <package name="pages.Entrepreneurship">
      <metrics statements="3" coveredstatements="1" conditionals="0" coveredconditionals="0" methods="1" coveredmethods="0"/>
      <file name="enterpreneurshipP.tsx" path="/home/yashwl/React_demo_app/blinkist-app/src/pages/Entrepreneurship/enterpreneurshipP.tsx">
        <metrics statements="3" coveredstatements="1" conditionals="0" coveredconditionals="0" methods="1" coveredmethods="0"/>
        <line num="11" count="1" type="stmt"/>
        <line num="12" count="0" type="stmt"/>
        <line num="13" count="0" type="stmt"/>
      </file>
    </package>
  </project>
</coverage>
