{"/home/yashwl/React_demo_app/blinkist-app/src/components/organisms/BookCategories/bookcatO.tsx": {"path":"/home/yashwl/React_demo_app/blinkist-app/src/components/organisms/BookCategories/bookcatO.tsx","statementMap":{"0":{"start":{"line":27,"column":20},"end":{"line":33,"column":2}},"1":{"start":{"line":35,"column":16},"end":{"line":41,"column":2}},"2":{"start":{"line":43,"column":19},"end":{"line":126,"column":1}},"3":{"start":{"line":44,"column":30},"end":{"line":44,"column":35}},"4":{"start":{"line":45,"column":34},"end":{"line":45,"column":48}},"5":{"start":{"line":46,"column":28},"end":{"line":46,"column":40}},"6":{"start":{"line":47,"column":21},"end":{"line":47,"column":27}},"7":{"start":{"line":48,"column":20},"end":{"line":48,"column":46}},"8":{"start":{"line":50,"column":15},"end":{"line":50,"column":26}},"9":{"start":{"line":55,"column":20},"end":{"line":69,"column":3}},"10":{"start":{"line":56,"column":4},"end":{"line":68,"column":5}},"11":{"start":{"line":57,"column":6},"end":{"line":57,"column":69}},"12":{"start":{"line":57,"column":44},"end":{"line":57,"column":66}},"13":{"start":{"line":58,"column":6},"end":{"line":58,"column":26}},"14":{"start":{"line":60,"column":11},"end":{"line":68,"column":5}},"15":{"start":{"line":61,"column":8},"end":{"line":61,"column":70}},"16":{"start":{"line":61,"column":46},"end":{"line":61,"column":68}},"17":{"start":{"line":62,"column":8},"end":{"line":62,"column":28}},"18":{"start":{"line":65,"column":9},"end":{"line":68,"column":5}},"19":{"start":{"line":66,"column":6},"end":{"line":66,"column":68}},"20":{"start":{"line":66,"column":44},"end":{"line":66,"column":65}},"21":{"start":{"line":67,"column":6},"end":{"line":67,"column":28}},"22":{"start":{"line":71,"column":2},"end":{"line":79,"column":15}},"23":{"start":{"line":72,"column":4},"end":{"line":78,"column":5}},"24":{"start":{"line":73,"column":6},"end":{"line":73,"column":30}},"25":{"start":{"line":74,"column":11},"end":{"line":78,"column":5}},"26":{"start":{"line":75,"column":6},"end":{"line":75,"column":30}},"27":{"start":{"line":77,"column":6},"end":{"line":77,"column":31}},"28":{"start":{"line":81,"column":2},"end":{"line":125,"column":4}},"29":{"start":{"line":87,"column":12},"end":{"line":121,"column":13}},"30":{"start":{"line":88,"column":12},"end":{"line":101,"column":14}},"31":{"start":{"line":103,"column":14},"end":{"line":120,"column":15}},"32":{"start":{"line":105,"column":16},"end":{"line":118,"column":18}}},"fnMap":{"0":{"name":"(anonymous_0)","decl":{"start":{"line":43,"column":19},"end":{"line":43,"column":20}},"loc":{"start":{"line":43,"column":41},"end":{"line":126,"column":1}},"line":43},"1":{"name":"(anonymous_1)","decl":{"start":{"line":55,"column":20},"end":{"line":55,"column":21}},"loc":{"start":{"line":55,"column":47},"end":{"line":69,"column":3}},"line":55},"2":{"name":"(anonymous_2)","decl":{"start":{"line":57,"column":34},"end":{"line":57,"column":35}},"loc":{"start":{"line":57,"column":44},"end":{"line":57,"column":66}},"line":57},"3":{"name":"(anonymous_3)","decl":{"start":{"line":61,"column":36},"end":{"line":61,"column":37}},"loc":{"start":{"line":61,"column":46},"end":{"line":61,"column":68}},"line":61},"4":{"name":"(anonymous_4)","decl":{"start":{"line":66,"column":34},"end":{"line":66,"column":35}},"loc":{"start":{"line":66,"column":44},"end":{"line":66,"column":65}},"line":66},"5":{"name":"(anonymous_5)","decl":{"start":{"line":71,"column":12},"end":{"line":71,"column":13}},"loc":{"start":{"line":71,"column":18},"end":{"line":79,"column":3}},"line":71},"6":{"name":"(anonymous_6)","decl":{"start":{"line":86,"column":24},"end":{"line":86,"column":25}},"loc":{"start":{"line":86,"column":39},"end":{"line":122,"column":11}},"line":86}},"branchMap":{"0":{"loc":{"start":{"line":56,"column":4},"end":{"line":68,"column":5}},"type":"if","locations":[{"start":{"line":56,"column":4},"end":{"line":68,"column":5}},{"start":{"line":60,"column":11},"end":{"line":68,"column":5}}],"line":56},"1":{"loc":{"start":{"line":60,"column":11},"end":{"line":68,"column":5}},"type":"if","locations":[{"start":{"line":60,"column":11},"end":{"line":68,"column":5}},{"start":{"line":65,"column":9},"end":{"line":68,"column":5}}],"line":60},"2":{"loc":{"start":{"line":65,"column":9},"end":{"line":68,"column":5}},"type":"if","locations":[{"start":{"line":65,"column":9},"end":{"line":68,"column":5}},{"start":{},"end":{}}],"line":65},"3":{"loc":{"start":{"line":72,"column":4},"end":{"line":78,"column":5}},"type":"if","locations":[{"start":{"line":72,"column":4},"end":{"line":78,"column":5}},{"start":{"line":74,"column":11},"end":{"line":78,"column":5}}],"line":72},"4":{"loc":{"start":{"line":74,"column":11},"end":{"line":78,"column":5}},"type":"if","locations":[{"start":{"line":74,"column":11},"end":{"line":78,"column":5}},{"start":{"line":76,"column":11},"end":{"line":78,"column":5}}],"line":74},"5":{"loc":{"start":{"line":87,"column":12},"end":{"line":121,"column":13}},"type":"if","locations":[{"start":{"line":87,"column":12},"end":{"line":121,"column":13}},{"start":{"line":102,"column":17},"end":{"line":121,"column":13}}],"line":87},"6":{"loc":{"start":{"line":103,"column":14},"end":{"line":120,"column":15}},"type":"if","locations":[{"start":{"line":103,"column":14},"end":{"line":120,"column":15}},{"start":{},"end":{}}],"line":103},"7":{"loc":{"start":{"line":103,"column":17},"end":{"line":104,"column":66}},"type":"binary-expr","locations":[{"start":{"line":103,"column":18},"end":{"line":103,"column":69}},{"start":{"line":104,"column":15},"end":{"line":104,"column":65}}],"line":103}},"s":{"0":3,"1":3,"2":3,"3":14,"4":14,"5":14,"6":14,"7":14,"8":14,"9":14,"10":7,"11":2,"12":22,"13":2,"14":5,"15":3,"16":33,"17":3,"18":2,"19":2,"20":22,"21":2,"22":14,"23":7,"24":3,"25":4,"26":2,"27":2,"28":14,"29":107,"30":45,"31":62,"32":45},"f":{"0":14,"1":7,"2":22,"3":33,"4":22,"5":7,"6":107},"b":{"0":[2,5],"1":[3,2],"2":[2,0],"3":[3,4],"4":[2,2],"5":[45,62],"6":[45,17],"7":[62,17]},"_coverageSchema":"1a1c01bbd47fc00a2c39e90264f33305004495a9","hash":"ff19692fadcb52d03207bdc45140ea8a270df658"}
,"/home/yashwl/React_demo_app/blinkist-app/src/components/organisms/BookDescription/bookdescO.tsx": {"path":"/home/yashwl/React_demo_app/blinkist-app/src/components/organisms/BookDescription/bookdescO.tsx","statementMap":{"0":{"start":{"line":18,"column":20},"end":{"line":25,"column":2}},"1":{"start":{"line":27,"column":20},"end":{"line":31,"column":2}},"2":{"start":{"line":33,"column":24},"end":{"line":36,"column":2}},"3":{"start":{"line":38,"column":27},"end":{"line":44,"column":2}},"4":{"start":{"line":46,"column":24},"end":{"line":50,"column":2}},"5":{"start":{"line":52,"column":23},"end":{"line":58,"column":2}},"6":{"start":{"line":60,"column":20},"end":{"line":63,"column":2}},"7":{"start":{"line":65,"column":21},"end":{"line":70,"column":2}},"8":{"start":{"line":72,"column":31},"end":{"line":172,"column":1}},"9":{"start":{"line":73,"column":34},"end":{"line":86,"column":4}},"10":{"start":{"line":88,"column":17},"end":{"line":88,"column":30}},"11":{"start":{"line":89,"column":19},"end":{"line":91,"column":3}},"12":{"start":{"line":90,"column":4},"end":{"line":90,"column":17}},"13":{"start":{"line":93,"column":0},"end":{"line":171,"column":4}},"14":{"start":{"line":130,"column":29},"end":{"line":130,"column":41}}},"fnMap":{"0":{"name":"(anonymous_0)","decl":{"start":{"line":72,"column":31},"end":{"line":72,"column":32}},"loc":{"start":{"line":72,"column":37},"end":{"line":172,"column":1}},"line":72},"1":{"name":"(anonymous_1)","decl":{"start":{"line":89,"column":19},"end":{"line":89,"column":20}},"loc":{"start":{"line":89,"column":31},"end":{"line":91,"column":3}},"line":89},"2":{"name":"(anonymous_2)","decl":{"start":{"line":130,"column":23},"end":{"line":130,"column":24}},"loc":{"start":{"line":130,"column":29},"end":{"line":130,"column":41}},"line":130}},"branchMap":{},"s":{"0":3,"1":3,"2":3,"3":3,"4":3,"5":3,"6":3,"7":3,"8":3,"9":2,"10":2,"11":2,"12":0,"13":2,"14":0},"f":{"0":2,"1":0,"2":0},"b":{},"_coverageSchema":"1a1c01bbd47fc00a2c39e90264f33305004495a9","hash":"36722844671e59d5731448706851a229e0283ca5"}
,"/home/yashwl/React_demo_app/blinkist-app/src/components/organisms/Card/cardO.stories.tsx": {"path":"/home/yashwl/React_demo_app/blinkist-app/src/components/organisms/Card/cardO.stories.tsx","statementMap":{"0":{"start":{"line":12,"column":33},"end":{"line":12,"column":59}},"1":{"start":{"line":12,"column":41},"end":{"line":12,"column":59}},"2":{"start":{"line":14,"column":29},"end":{"line":14,"column":46}},"3":{"start":{"line":15,"column":0},"end":{"line":25,"column":1}}},"fnMap":{"0":{"name":"(anonymous_0)","decl":{"start":{"line":12,"column":33},"end":{"line":12,"column":34}},"loc":{"start":{"line":12,"column":41},"end":{"line":12,"column":59}},"line":12}},"branchMap":{},"s":{"0":0,"1":0,"2":0,"3":0},"f":{"0":0},"b":{}}
,"/home/yashwl/React_demo_app/blinkist-app/src/components/organisms/Card/cardO.tsx": {"path":"/home/yashwl/React_demo_app/blinkist-app/src/components/organisms/Card/cardO.tsx","statementMap":{"0":{"start":{"line":16,"column":20},"end":{"line":22,"column":2}},"1":{"start":{"line":24,"column":21},"end":{"line":27,"column":2}},"2":{"start":{"line":29,"column":20},"end":{"line":35,"column":2}},"3":{"start":{"line":37,"column":19},"end":{"line":45,"column":2}},"4":{"start":{"line":47,"column":20},"end":{"line":53,"column":2}},"5":{"start":{"line":55,"column":20},"end":{"line":61,"column":2}},"6":{"start":{"line":63,"column":16},"end":{"line":66,"column":2}},"7":{"start":{"line":67,"column":11},"end":{"line":72,"column":2}},"8":{"start":{"line":74,"column":16},"end":{"line":138,"column":2}},"9":{"start":{"line":173,"column":20},"end":{"line":310,"column":1}},"10":{"start":{"line":174,"column":112},"end":{"line":174,"column":117}},"11":{"start":{"line":175,"column":15},"end":{"line":175,"column":26}},"12":{"start":{"line":177,"column":34},"end":{"line":177,"column":46}},"13":{"start":{"line":179,"column":33},"end":{"line":192,"column":4}},"14":{"start":{"line":193,"column":30},"end":{"line":198,"column":3}},"15":{"start":{"line":194,"column":4},"end":{"line":197,"column":6}},"16":{"start":{"line":200,"column":30},"end":{"line":202,"column":3}},"17":{"start":{"line":201,"column":4},"end":{"line":201,"column":20}},"18":{"start":{"line":204,"column":2},"end":{"line":213,"column":13}},"19":{"start":{"line":206,"column":29},"end":{"line":211,"column":10}},"20":{"start":{"line":207,"column":6},"end":{"line":211,"column":9}},"21":{"start":{"line":208,"column":21},"end":{"line":208,"column":53}},"22":{"start":{"line":209,"column":21},"end":{"line":209,"column":30}},"23":{"start":{"line":210,"column":8},"end":{"line":210,"column":25}},"24":{"start":{"line":212,"column":4},"end":{"line":212,"column":27}},"25":{"start":{"line":216,"column":30},"end":{"line":225,"column":3}},"26":{"start":{"line":219,"column":6},"end":{"line":219,"column":40}},"27":{"start":{"line":224,"column":4},"end":{"line":224,"column":46}},"28":{"start":{"line":227,"column":21},"end":{"line":237,"column":5}},"29":{"start":{"line":228,"column":4},"end":{"line":234,"column":5}},"30":{"start":{"line":229,"column":6},"end":{"line":229,"column":40}},"31":{"start":{"line":232,"column":6},"end":{"line":232,"column":39}},"32":{"start":{"line":236,"column":4},"end":{"line":236,"column":46}},"33":{"start":{"line":239,"column":17},"end":{"line":239,"column":30}},"34":{"start":{"line":240,"column":24},"end":{"line":242,"column":3}},"35":{"start":{"line":241,"column":4},"end":{"line":241,"column":28}},"36":{"start":{"line":244,"column":0},"end":{"line":309,"column":4}},"37":{"start":{"line":279,"column":83},"end":{"line":279,"column":102}},"38":{"start":{"line":290,"column":83},"end":{"line":290,"column":102}},"39":{"start":{"line":300,"column":108},"end":{"line":300,"column":136}}},"fnMap":{"0":{"name":"(anonymous_0)","decl":{"start":{"line":173,"column":20},"end":{"line":173,"column":21}},"loc":{"start":{"line":173,"column":42},"end":{"line":310,"column":1}},"line":173},"1":{"name":"(anonymous_1)","decl":{"start":{"line":193,"column":30},"end":{"line":193,"column":31}},"loc":{"start":{"line":193,"column":36},"end":{"line":198,"column":3}},"line":193},"2":{"name":"(anonymous_2)","decl":{"start":{"line":200,"column":30},"end":{"line":200,"column":31}},"loc":{"start":{"line":200,"column":36},"end":{"line":202,"column":3}},"line":200},"3":{"name":"(anonymous_3)","decl":{"start":{"line":204,"column":12},"end":{"line":204,"column":13}},"loc":{"start":{"line":204,"column":18},"end":{"line":213,"column":3}},"line":204},"4":{"name":"(anonymous_4)","decl":{"start":{"line":206,"column":29},"end":{"line":206,"column":30}},"loc":{"start":{"line":206,"column":51},"end":{"line":211,"column":10}},"line":206},"5":{"name":"(anonymous_5)","decl":{"start":{"line":216,"column":30},"end":{"line":216,"column":31}},"loc":{"start":{"line":216,"column":53},"end":{"line":225,"column":3}},"line":216},"6":{"name":"(anonymous_6)","decl":{"start":{"line":227,"column":21},"end":{"line":227,"column":22}},"loc":{"start":{"line":227,"column":44},"end":{"line":237,"column":5}},"line":227},"7":{"name":"(anonymous_7)","decl":{"start":{"line":240,"column":24},"end":{"line":240,"column":25}},"loc":{"start":{"line":240,"column":30},"end":{"line":242,"column":3}},"line":240},"8":{"name":"(anonymous_8)","decl":{"start":{"line":279,"column":77},"end":{"line":279,"column":78}},"loc":{"start":{"line":279,"column":83},"end":{"line":279,"column":102}},"line":279},"9":{"name":"(anonymous_9)","decl":{"start":{"line":290,"column":77},"end":{"line":290,"column":78}},"loc":{"start":{"line":290,"column":83},"end":{"line":290,"column":102}},"line":290},"10":{"name":"(anonymous_10)","decl":{"start":{"line":300,"column":102},"end":{"line":300,"column":103}},"loc":{"start":{"line":300,"column":108},"end":{"line":300,"column":136}},"line":300}},"branchMap":{"0":{"loc":{"start":{"line":207,"column":6},"end":{"line":211,"column":9}},"type":"if","locations":[{"start":{"line":207,"column":6},"end":{"line":211,"column":9}},{"start":{},"end":{}}],"line":207},"1":{"loc":{"start":{"line":207,"column":9},"end":{"line":207,"column":25}},"type":"binary-expr","locations":[{"start":{"line":207,"column":9},"end":{"line":207,"column":12}},{"start":{"line":207,"column":16},"end":{"line":207,"column":25}}],"line":207},"2":{"loc":{"start":{"line":228,"column":4},"end":{"line":234,"column":5}},"type":"if","locations":[{"start":{"line":228,"column":4},"end":{"line":234,"column":5}},{"start":{"line":231,"column":9},"end":{"line":234,"column":5}}],"line":228},"3":{"loc":{"start":{"line":265,"column":11},"end":{"line":267,"column":13}},"type":"cond-expr","locations":[{"start":{"line":265,"column":25},"end":{"line":265,"column":29}},{"start":{"line":266,"column":14},"end":{"line":266,"column":88}}],"line":265},"4":{"loc":{"start":{"line":270,"column":11},"end":{"line":272,"column":13}},"type":"cond-expr","locations":[{"start":{"line":270,"column":28},"end":{"line":270,"column":32}},{"start":{"line":271,"column":14},"end":{"line":271,"column":91}}],"line":270},"5":{"loc":{"start":{"line":276,"column":9},"end":{"line":287,"column":18}},"type":"cond-expr","locations":[{"start":{"line":279,"column":12},"end":{"line":284,"column":25}},{"start":{"line":287,"column":14},"end":{"line":287,"column":18}}],"line":276},"6":{"loc":{"start":{"line":289,"column":11},"end":{"line":296,"column":18}},"type":"cond-expr","locations":[{"start":{"line":290,"column":12},"end":{"line":295,"column":25}},{"start":{"line":296,"column":14},"end":{"line":296,"column":18}}],"line":289},"7":{"loc":{"start":{"line":298,"column":9},"end":{"line":302,"column":16}},"type":"cond-expr","locations":[{"start":{"line":299,"column":10},"end":{"line":301,"column":22}},{"start":{"line":302,"column":12},"end":{"line":302,"column":16}}],"line":298}},"s":{"0":6,"1":6,"2":6,"3":6,"4":6,"5":6,"6":6,"7":6,"8":6,"9":6,"10":97,"11":95,"12":95,"13":95,"14":95,"15":0,"16":95,"17":0,"18":95,"19":93,"20":93,"21":91,"22":0,"23":0,"24":93,"25":95,"26":0,"27":0,"28":95,"29":0,"30":0,"31":0,"32":0,"33":95,"34":95,"35":0,"36":95,"37":0,"38":0,"39":0},"f":{"0":97,"1":0,"2":0,"3":93,"4":93,"5":0,"6":0,"7":0,"8":0,"9":0,"10":0},"b":{"0":[91,2],"1":[93,91],"2":[0,0],"3":[2,93],"4":[50,45],"5":[2,93],"6":[1,94],"7":[91,4]},"_coverageSchema":"1a1c01bbd47fc00a2c39e90264f33305004495a9","hash":"b444c17da981cecbc21e17b9d5f1d802ba8c1034"}
,"/home/yashwl/React_demo_app/blinkist-app/src/components/organisms/ExtendedNav/extendednavO.tsx": {"path":"/home/yashwl/React_demo_app/blinkist-app/src/components/organisms/ExtendedNav/extendednavO.tsx","statementMap":{"0":{"start":{"line":8,"column":22},"end":{"line":15,"column":2}},"1":{"start":{"line":17,"column":16},"end":{"line":74,"column":2}},"2":{"start":{"line":76,"column":27},"end":{"line":105,"column":1}},"3":{"start":{"line":77,"column":15},"end":{"line":77,"column":26}},"4":{"start":{"line":79,"column":19},"end":{"line":79,"column":32}},"5":{"start":{"line":80,"column":32},"end":{"line":82,"column":3}},"6":{"start":{"line":81,"column":4},"end":{"line":81,"column":33}},"7":{"start":{"line":85,"column":2},"end":{"line":104,"column":4}},"8":{"start":{"line":95,"column":12},"end":{"line":99,"column":14}}},"fnMap":{"0":{"name":"(anonymous_0)","decl":{"start":{"line":76,"column":27},"end":{"line":76,"column":28}},"loc":{"start":{"line":76,"column":33},"end":{"line":105,"column":1}},"line":76},"1":{"name":"(anonymous_1)","decl":{"start":{"line":80,"column":32},"end":{"line":80,"column":33}},"loc":{"start":{"line":80,"column":38},"end":{"line":82,"column":3}},"line":80},"2":{"name":"(anonymous_2)","decl":{"start":{"line":94,"column":31},"end":{"line":94,"column":32}},"loc":{"start":{"line":94,"column":45},"end":{"line":100,"column":11}},"line":94}},"branchMap":{},"s":{"0":5,"1":5,"2":5,"3":5,"4":5,"5":5,"6":1,"7":5,"8":90},"f":{"0":5,"1":1,"2":90},"b":{},"_coverageSchema":"1a1c01bbd47fc00a2c39e90264f33305004495a9","hash":"4f98e9158ca19f537062d964eb2b99809c09556c"}
,"/home/yashwl/React_demo_app/blinkist-app/src/components/organisms/Footer/footerO.tsx": {"path":"/home/yashwl/React_demo_app/blinkist-app/src/components/organisms/Footer/footerO.tsx","statementMap":{"0":{"start":{"line":9,"column":20},"end":{"line":15,"column":2}},"1":{"start":{"line":17,"column":20},"end":{"line":22,"column":2}},"2":{"start":{"line":24,"column":20},"end":{"line":33,"column":2}},"3":{"start":{"line":35,"column":21},"end":{"line":40,"column":2}},"4":{"start":{"line":42,"column":16},"end":{"line":53,"column":2}},"5":{"start":{"line":55,"column":22},"end":{"line":63,"column":2}},"6":{"start":{"line":65,"column":22},"end":{"line":98,"column":1}},"7":{"start":{"line":66,"column":15},"end":{"line":66,"column":26}},"8":{"start":{"line":68,"column":2},"end":{"line":97,"column":4}}},"fnMap":{"0":{"name":"(anonymous_0)","decl":{"start":{"line":65,"column":22},"end":{"line":65,"column":23}},"loc":{"start":{"line":65,"column":28},"end":{"line":98,"column":1}},"line":65}},"branchMap":{},"s":{"0":4,"1":4,"2":4,"3":4,"4":4,"5":4,"6":4,"7":3,"8":3},"f":{"0":3},"b":{},"_coverageSchema":"1a1c01bbd47fc00a2c39e90264f33305004495a9","hash":"9b5216081902cd84c2b2251c8e6ff43e4631d37c"}
,"/home/yashwl/React_demo_app/blinkist-app/src/components/organisms/Header/headerO.tsx": {"path":"/home/yashwl/React_demo_app/blinkist-app/src/components/organisms/Header/headerO.tsx","statementMap":{"0":{"start":{"line":14,"column":22},"end":{"line":24,"column":2}},"1":{"start":{"line":26,"column":18},"end":{"line":82,"column":2}},"2":{"start":{"line":85,"column":31},"end":{"line":146,"column":1}},"3":{"start":{"line":87,"column":30},"end":{"line":87,"column":45}},"4":{"start":{"line":88,"column":30},"end":{"line":88,"column":45}},"5":{"start":{"line":90,"column":40},"end":{"line":92,"column":4}},"6":{"start":{"line":93,"column":40},"end":{"line":95,"column":4}},"7":{"start":{"line":97,"column":32},"end":{"line":105,"column":3}},"8":{"start":{"line":98,"column":4},"end":{"line":98,"column":51}},"9":{"start":{"line":100,"column":4},"end":{"line":104,"column":5}},"10":{"start":{"line":101,"column":6},"end":{"line":101,"column":54}},"11":{"start":{"line":103,"column":6},"end":{"line":103,"column":54}},"12":{"start":{"line":106,"column":32},"end":{"line":113,"column":3}},"13":{"start":{"line":107,"column":4},"end":{"line":107,"column":51}},"14":{"start":{"line":108,"column":4},"end":{"line":112,"column":5}},"15":{"start":{"line":109,"column":6},"end":{"line":109,"column":54}},"16":{"start":{"line":111,"column":6},"end":{"line":111,"column":54}},"17":{"start":{"line":115,"column":15},"end":{"line":115,"column":26}},"18":{"start":{"line":117,"column":17},"end":{"line":117,"column":30}},"19":{"start":{"line":119,"column":17},"end":{"line":121,"column":3}},"20":{"start":{"line":120,"column":4},"end":{"line":120,"column":17}},"21":{"start":{"line":122,"column":2},"end":{"line":145,"column":4}}},"fnMap":{"0":{"name":"(anonymous_0)","decl":{"start":{"line":85,"column":31},"end":{"line":85,"column":32}},"loc":{"start":{"line":85,"column":37},"end":{"line":146,"column":1}},"line":85},"1":{"name":"(anonymous_1)","decl":{"start":{"line":97,"column":32},"end":{"line":97,"column":33}},"loc":{"start":{"line":97,"column":38},"end":{"line":105,"column":3}},"line":97},"2":{"name":"(anonymous_2)","decl":{"start":{"line":106,"column":32},"end":{"line":106,"column":33}},"loc":{"start":{"line":106,"column":38},"end":{"line":113,"column":3}},"line":106},"3":{"name":"(anonymous_3)","decl":{"start":{"line":119,"column":17},"end":{"line":119,"column":18}},"loc":{"start":{"line":119,"column":23},"end":{"line":121,"column":3}},"line":119}},"branchMap":{"0":{"loc":{"start":{"line":98,"column":4},"end":{"line":98,"column":50}},"type":"cond-expr","locations":[{"start":{"line":98,"column":14},"end":{"line":98,"column":31}},{"start":{"line":98,"column":34},"end":{"line":98,"column":50}}],"line":98},"1":{"loc":{"start":{"line":100,"column":4},"end":{"line":104,"column":5}},"type":"if","locations":[{"start":{"line":100,"column":4},"end":{"line":104,"column":5}},{"start":{"line":102,"column":11},"end":{"line":104,"column":5}}],"line":100},"2":{"loc":{"start":{"line":107,"column":4},"end":{"line":107,"column":50}},"type":"cond-expr","locations":[{"start":{"line":107,"column":14},"end":{"line":107,"column":31}},{"start":{"line":107,"column":34},"end":{"line":107,"column":50}}],"line":107},"3":{"loc":{"start":{"line":108,"column":4},"end":{"line":112,"column":5}},"type":"if","locations":[{"start":{"line":108,"column":4},"end":{"line":112,"column":5}},{"start":{"line":110,"column":11},"end":{"line":112,"column":5}}],"line":108},"4":{"loc":{"start":{"line":139,"column":9},"end":{"line":139,"column":41}},"type":"cond-expr","locations":[{"start":{"line":139,"column":19},"end":{"line":139,"column":34}},{"start":{"line":139,"column":37},"end":{"line":139,"column":41}}],"line":139},"5":{"loc":{"start":{"line":141,"column":64},"end":{"line":141,"column":97}},"type":"cond-expr","locations":[{"start":{"line":141,"column":74},"end":{"line":141,"column":90}},{"start":{"line":141,"column":93},"end":{"line":141,"column":97}}],"line":141}},"s":{"0":4,"1":4,"2":4,"3":3,"4":3,"5":3,"6":3,"7":3,"8":0,"9":0,"10":0,"11":0,"12":3,"13":1,"14":1,"15":0,"16":1,"17":3,"18":3,"19":3,"20":0,"21":3},"f":{"0":3,"1":0,"2":1,"3":0},"b":{"0":[0,0],"1":[0,0],"2":[0,1],"3":[0,1],"4":[1,2],"5":[0,3]},"_coverageSchema":"1a1c01bbd47fc00a2c39e90264f33305004495a9","hash":"2fc92d2f7ef548fbb0d3e8f0de77b096e00cfb5d"}
,"/home/yashwl/React_demo_app/blinkist-app/src/components/organisms/Tabs/tabsO.tsx": {"path":"/home/yashwl/React_demo_app/blinkist-app/src/components/organisms/Tabs/tabsO.tsx","statementMap":{"0":{"start":{"line":9,"column":20},"end":{"line":11,"column":2}},"1":{"start":{"line":13,"column":20},"end":{"line":15,"column":2}},"2":{"start":{"line":17,"column":18},"end":{"line":24,"column":2}},"3":{"start":{"line":26,"column":16},"end":{"line":37,"column":2}},"4":{"start":{"line":39,"column":20},"end":{"line":182,"column":1}},"5":{"start":{"line":40,"column":26},"end":{"line":40,"column":39}},"6":{"start":{"line":42,"column":21},"end":{"line":45,"column":3}},"7":{"start":{"line":44,"column":4},"end":{"line":44,"column":23}},"8":{"start":{"line":47,"column":28},"end":{"line":62,"column":4}},"9":{"start":{"line":64,"column":26},"end":{"line":64,"column":37}},"10":{"start":{"line":65,"column":19},"end":{"line":70,"column":3}},"11":{"start":{"line":66,"column":21},"end":{"line":66,"column":47}},"12":{"start":{"line":67,"column":17},"end":{"line":67,"column":30}},"13":{"start":{"line":68,"column":4},"end":{"line":68,"column":19}},"14":{"start":{"line":72,"column":23},"end":{"line":74,"column":3}},"15":{"start":{"line":73,"column":4},"end":{"line":73,"column":23}},"16":{"start":{"line":76,"column":2},"end":{"line":78,"column":14}},"17":{"start":{"line":77,"column":4},"end":{"line":77,"column":15}},"18":{"start":{"line":80,"column":15},"end":{"line":80,"column":26}},"19":{"start":{"line":82,"column":18},"end":{"line":82,"column":147}},"20":{"start":{"line":82,"column":39},"end":{"line":82,"column":62}},"21":{"start":{"line":83,"column":19},"end":{"line":83,"column":148}},"22":{"start":{"line":83,"column":40},"end":{"line":83,"column":62}},"23":{"start":{"line":85,"column":2},"end":{"line":181,"column":4}},"24":{"start":{"line":135,"column":40},"end":{"line":135,"column":63}},"25":{"start":{"line":137,"column":20},"end":{"line":150,"column":22}},"26":{"start":{"line":157,"column":40},"end":{"line":157,"column":62}},"27":{"start":{"line":159,"column":20},"end":{"line":173,"column":22}}},"fnMap":{"0":{"name":"(anonymous_0)","decl":{"start":{"line":39,"column":20},"end":{"line":39,"column":21}},"loc":{"start":{"line":39,"column":26},"end":{"line":182,"column":1}},"line":39},"1":{"name":"(anonymous_1)","decl":{"start":{"line":42,"column":21},"end":{"line":42,"column":22}},"loc":{"start":{"line":42,"column":72},"end":{"line":45,"column":3}},"line":42},"2":{"name":"(anonymous_2)","decl":{"start":{"line":65,"column":19},"end":{"line":65,"column":20}},"loc":{"start":{"line":65,"column":31},"end":{"line":70,"column":3}},"line":65},"3":{"name":"(anonymous_3)","decl":{"start":{"line":72,"column":23},"end":{"line":72,"column":24}},"loc":{"start":{"line":72,"column":29},"end":{"line":74,"column":3}},"line":72},"4":{"name":"(anonymous_4)","decl":{"start":{"line":76,"column":12},"end":{"line":76,"column":13}},"loc":{"start":{"line":76,"column":18},"end":{"line":78,"column":3}},"line":76},"5":{"name":"(anonymous_5)","decl":{"start":{"line":82,"column":31},"end":{"line":82,"column":32}},"loc":{"start":{"line":82,"column":39},"end":{"line":82,"column":62}},"line":82},"6":{"name":"(anonymous_6)","decl":{"start":{"line":83,"column":32},"end":{"line":83,"column":33}},"loc":{"start":{"line":83,"column":40},"end":{"line":83,"column":62}},"line":83},"7":{"name":"(anonymous_7)","decl":{"start":{"line":135,"column":30},"end":{"line":135,"column":31}},"loc":{"start":{"line":135,"column":40},"end":{"line":135,"column":63}},"line":135},"8":{"name":"(anonymous_8)","decl":{"start":{"line":136,"column":23},"end":{"line":136,"column":24}},"loc":{"start":{"line":136,"column":38},"end":{"line":151,"column":19}},"line":136},"9":{"name":"(anonymous_9)","decl":{"start":{"line":157,"column":30},"end":{"line":157,"column":31}},"loc":{"start":{"line":157,"column":40},"end":{"line":157,"column":62}},"line":157},"10":{"name":"(anonymous_10)","decl":{"start":{"line":158,"column":23},"end":{"line":158,"column":24}},"loc":{"start":{"line":158,"column":38},"end":{"line":174,"column":19}},"line":158}},"branchMap":{"0":{"loc":{"start":{"line":82,"column":18},"end":{"line":82,"column":147}},"type":"cond-expr","locations":[{"start":{"line":82,"column":79},"end":{"line":82,"column":141}},{"start":{"line":82,"column":143},"end":{"line":82,"column":147}}],"line":82},"1":{"loc":{"start":{"line":83,"column":19},"end":{"line":83,"column":148}},"type":"cond-expr","locations":[{"start":{"line":83,"column":79},"end":{"line":83,"column":142}},{"start":{"line":83,"column":144},"end":{"line":83,"column":148}}],"line":83}},"s":{"0":3,"1":3,"2":3,"3":3,"4":3,"5":2,"6":1,"7":0,"8":1,"9":1,"10":1,"11":1,"12":0,"13":0,"14":1,"15":0,"16":1,"17":1,"18":1,"19":1,"20":1,"21":1,"22":1,"23":1,"24":1,"25":1,"26":1,"27":0},"f":{"0":2,"1":0,"2":1,"3":0,"4":1,"5":1,"6":1,"7":1,"8":1,"9":1,"10":0},"b":{"0":[0,1],"1":[1,0]},"_coverageSchema":"1a1c01bbd47fc00a2c39e90264f33305004495a9","hash":"946993a1c3a1ef5b59826b1239bbb82fa5381581"}
,"/home/yashwl/React_demo_app/blinkist-app/src/components/organisms/searchbarfunction/searchbarfunction.tsx": {"path":"/home/yashwl/React_demo_app/blinkist-app/src/components/organisms/searchbarfunction/searchbarfunction.tsx","statementMap":{"0":{"start":{"line":7,"column":18},"end":{"line":37,"column":2}},"1":{"start":{"line":39,"column":18},"end":{"line":39,"column":29}},"2":{"start":{"line":41,"column":21},"end":{"line":43,"column":3}},"3":{"start":{"line":42,"column":4},"end":{"line":42,"column":19}},"4":{"start":{"line":45,"column":2},"end":{"line":59,"column":4}},"5":{"start":{"line":55,"column":25},"end":{"line":55,"column":51}}},"fnMap":{"0":{"name":"Find","decl":{"start":{"line":38,"column":24},"end":{"line":38,"column":28}},"loc":{"start":{"line":38,"column":56},"end":{"line":60,"column":1}},"line":38},"1":{"name":"(anonymous_1)","decl":{"start":{"line":41,"column":21},"end":{"line":41,"column":22}},"loc":{"start":{"line":41,"column":34},"end":{"line":43,"column":3}},"line":41},"2":{"name":"(anonymous_2)","decl":{"start":{"line":55,"column":16},"end":{"line":55,"column":17}},"loc":{"start":{"line":55,"column":25},"end":{"line":55,"column":51}},"line":55}},"branchMap":{},"s":{"0":3,"1":3,"2":3,"3":0,"4":3,"5":0},"f":{"0":3,"1":0,"2":0},"b":{},"_coverageSchema":"1a1c01bbd47fc00a2c39e90264f33305004495a9","hash":"02e5df46b19a7cc8c20115dfe9f75c66d3c6ec1c"}
,"/home/yashwl/React_demo_app/blinkist-app/src/pages/Entrepreneurship/enterpreneurshipP.tsx": {"path":"/home/yashwl/React_demo_app/blinkist-app/src/pages/Entrepreneurship/enterpreneurshipP.tsx","statementMap":{"0":{"start":{"line":11,"column":29},"end":{"line":37,"column":1}},"1":{"start":{"line":12,"column":30},"end":{"line":12,"column":42}},"2":{"start":{"line":13,"column":4},"end":{"line":36,"column":5}}},"fnMap":{"0":{"name":"(anonymous_0)","decl":{"start":{"line":11,"column":29},"end":{"line":11,"column":30}},"loc":{"start":{"line":11,"column":35},"end":{"line":37,"column":1}},"line":11}},"branchMap":{},"s":{"0":1,"1":0,"2":0},"f":{"0":0},"b":{},"_coverageSchema":"1a1c01bbd47fc00a2c39e90264f33305004495a9","hash":"c636e22d55fcf99a28c0b9644d2a37d9f5bf2450"}
}
