{"/home/yashwl/React_demo_app/blinkist-app/src/App.tsx": {"path":"/home/yashwl/React_demo_app/blinkist-app/src/App.tsx","statementMap":{"0":{"start":{"line":7,"column":39},"end":{"line":7,"column":49}},"1":{"start":{"line":8,"column":2},"end":{"line":11,"column":3}},"2":{"start":{"line":10,"column":4},"end":{"line":10,"column":36}},"3":{"start":{"line":12,"column":2},"end":{"line":19,"column":4}}},"fnMap":{"0":{"name":"App","decl":{"start":{"line":6,"column":9},"end":{"line":6,"column":12}},"loc":{"start":{"line":6,"column":15},"end":{"line":20,"column":1}},"line":6}},"branchMap":{"0":{"loc":{"start":{"line":8,"column":2},"end":{"line":11,"column":3}},"type":"if","locations":[{"start":{"line":8,"column":2},"end":{"line":11,"column":3}},{"start":{},"end":{}}],"line":8},"1":{"loc":{"start":{"line":14,"column":4},"end":{"line":14,"column":45}},"type":"cond-expr","locations":[{"start":{"line":14,"column":24},"end":{"line":14,"column":39}},{"start":{"line":14,"column":41},"end":{"line":14,"column":45}}],"line":14},"2":{"loc":{"start":{"line":15,"column":9},"end":{"line":16,"column":19}},"type":"binary-expr","locations":[{"start":{"line":15,"column":9},"end":{"line":15,"column":24}},{"start":{"line":16,"column":9},"end":{"line":16,"column":19}}],"line":15}},"s":{"0":1,"1":1,"2":1,"3":0},"f":{"0":1},"b":{"0":[1,0],"1":[0,0],"2":[0,0]},"_coverageSchema":"1a1c01bbd47fc00a2c39e90264f33305004495a9","hash":"4a39edc1f0bb82e5e647393db42482b65a0eeea3"}
,"/home/yashwl/React_demo_app/blinkist-app/src/index.tsx": {"path":"/home/yashwl/React_demo_app/blinkist-app/src/index.tsx","statementMap":{"0":{"start":{"line":8,"column":16},"end":{"line":8,"column":43}},"1":{"start":{"line":9,"column":16},"end":{"line":9,"column":50}},"2":{"start":{"line":11,"column":13},"end":{"line":13,"column":1}},"3":{"start":{"line":14,"column":0},"end":{"line":23,"column":2}},"4":{"start":{"line":25,"column":0},"end":{"line":25,"column":18}}},"fnMap":{},"branchMap":{},"s":{"0":0,"1":0,"2":0,"3":0,"4":0},"f":{},"b":{}}
,"/home/yashwl/React_demo_app/blinkist-app/src/loginbutton.tsx": {"path":"/home/yashwl/React_demo_app/blinkist-app/src/loginbutton.tsx","statementMap":{"0":{"start":{"line":7,"column":11},"end":{"line":13,"column":2}},"1":{"start":{"line":15,"column":17},"end":{"line":25,"column":2}},"2":{"start":{"line":26,"column":20},"end":{"line":61,"column":1}},"3":{"start":{"line":27,"column":32},"end":{"line":27,"column":42}},"4":{"start":{"line":28,"column":17},"end":{"line":28,"column":28}},"5":{"start":{"line":29,"column":2},"end":{"line":60,"column":3}},"6":{"start":{"line":52,"column":25},"end":{"line":52,"column":44}}},"fnMap":{"0":{"name":"(anonymous_0)","decl":{"start":{"line":26,"column":20},"end":{"line":26,"column":21}},"loc":{"start":{"line":26,"column":26},"end":{"line":61,"column":1}},"line":26},"1":{"name":"(anonymous_1)","decl":{"start":{"line":52,"column":19},"end":{"line":52,"column":20}},"loc":{"start":{"line":52,"column":25},"end":{"line":52,"column":44}},"line":52}},"branchMap":{},"s":{"0":1,"1":1,"2":1,"3":0,"4":0,"5":0,"6":0},"f":{"0":0,"1":0},"b":{},"_coverageSchema":"1a1c01bbd47fc00a2c39e90264f33305004495a9","hash":"954d8060f7d2c97970a32a274d5ce6f48b7aa307"}
,"/home/yashwl/React_demo_app/blinkist-app/src/logout.tsx": {"path":"/home/yashwl/React_demo_app/blinkist-app/src/logout.tsx","statementMap":{"0":{"start":{"line":6,"column":16},"end":{"line":14,"column":2}},"1":{"start":{"line":16,"column":21},"end":{"line":28,"column":1}},"2":{"start":{"line":17,"column":38},"end":{"line":17,"column":48}},"3":{"start":{"line":18,"column":17},"end":{"line":18,"column":28}},"4":{"start":{"line":19,"column":2},"end":{"line":27,"column":3}},"5":{"start":{"line":22,"column":31},"end":{"line":22,"column":39}}},"fnMap":{"0":{"name":"(anonymous_0)","decl":{"start":{"line":16,"column":21},"end":{"line":16,"column":22}},"loc":{"start":{"line":16,"column":27},"end":{"line":28,"column":1}},"line":16},"1":{"name":"(anonymous_1)","decl":{"start":{"line":22,"column":25},"end":{"line":22,"column":26}},"loc":{"start":{"line":22,"column":31},"end":{"line":22,"column":39}},"line":22}},"branchMap":{"0":{"loc":{"start":{"line":21,"column":7},"end":{"line":24,"column":17}},"type":"binary-expr","locations":[{"start":{"line":21,"column":7},"end":{"line":21,"column":22}},{"start":{"line":22,"column":8},"end":{"line":24,"column":17}}],"line":21}},"s":{"0":4,"1":4,"2":0,"3":0,"4":0,"5":0},"f":{"0":0,"1":0},"b":{"0":[0,0]},"_coverageSchema":"1a1c01bbd47fc00a2c39e90264f33305004495a9","hash":"a884457c47c45fa0d2b88c30f322b62be9eec426"}
,"/home/yashwl/React_demo_app/blinkist-app/src/reportWebVitals.ts": {"path":"/home/yashwl/React_demo_app/blinkist-app/src/reportWebVitals.ts","statementMap":{"0":{"start":{"line":3,"column":24},"end":{"line":13,"column":1}},"1":{"start":{"line":4,"column":2},"end":{"line":12,"column":3}},"2":{"start":{"line":5,"column":4},"end":{"line":11,"column":7}},"3":{"start":{"line":6,"column":6},"end":{"line":6,"column":26}},"4":{"start":{"line":7,"column":6},"end":{"line":7,"column":26}},"5":{"start":{"line":8,"column":6},"end":{"line":8,"column":26}},"6":{"start":{"line":9,"column":6},"end":{"line":9,"column":26}},"7":{"start":{"line":10,"column":6},"end":{"line":10,"column":27}}},"fnMap":{"0":{"name":"(anonymous_0)","decl":{"start":{"line":3,"column":24},"end":{"line":3,"column":25}},"loc":{"start":{"line":3,"column":57},"end":{"line":13,"column":1}},"line":3},"1":{"name":"(anonymous_1)","decl":{"start":{"line":5,"column":30},"end":{"line":5,"column":31}},"loc":{"start":{"line":5,"column":79},"end":{"line":11,"column":5}},"line":5}},"branchMap":{"0":{"loc":{"start":{"line":4,"column":2},"end":{"line":12,"column":3}},"type":"if","locations":[{"start":{"line":4,"column":2},"end":{"line":12,"column":3}},{"start":{},"end":{}}],"line":4},"1":{"loc":{"start":{"line":4,"column":6},"end":{"line":4,"column":52}},"type":"binary-expr","locations":[{"start":{"line":4,"column":6},"end":{"line":4,"column":17}},{"start":{"line":4,"column":21},"end":{"line":4,"column":52}}],"line":4}},"s":{"0":0,"1":0,"2":0,"3":0,"4":0,"5":0,"6":0,"7":0},"f":{"0":0,"1":0},"b":{"0":[0,0],"1":[0,0]}}
,"/home/yashwl/React_demo_app/blinkist-app/src/router.tsx": {"path":"/home/yashwl/React_demo_app/blinkist-app/src/router.tsx","statementMap":{"0":{"start":{"line":9,"column":2},"end":{"line":19,"column":4}}},"fnMap":{"0":{"name":"App","decl":{"start":{"line":7,"column":9},"end":{"line":7,"column":12}},"loc":{"start":{"line":7,"column":15},"end":{"line":20,"column":1}},"line":7}},"branchMap":{},"s":{"0":0},"f":{"0":0},"b":{},"_coverageSchema":"1a1c01bbd47fc00a2c39e90264f33305004495a9","hash":"baa42269f4b7bf31fe31cab590331587f0343788"}
,"/home/yashwl/React_demo_app/blinkist-app/src/api/api.tsx": {"path":"/home/yashwl/React_demo_app/blinkist-app/src/api/api.tsx","statementMap":{},"fnMap":{},"branchMap":{},"s":{},"f":{},"b":{},"_coverageSchema":"1a1c01bbd47fc00a2c39e90264f33305004495a9","hash":"0159178bf38c1e57fa1a3140e4db53922f80f413"}
,"/home/yashwl/React_demo_app/blinkist-app/src/components/atoms/Button/buttonA.stories.tsx": {"path":"/home/yashwl/React_demo_app/blinkist-app/src/components/atoms/Button/buttonA.stories.tsx","statementMap":{"0":{"start":{"line":11,"column":41},"end":{"line":11,"column":78}},"1":{"start":{"line":11,"column":49},"end":{"line":11,"column":78}},"2":{"start":{"line":13,"column":44},"end":{"line":13,"column":61}},"3":{"start":{"line":14,"column":0},"end":{"line":22,"column":1}},"4":{"start":{"line":24,"column":46},"end":{"line":24,"column":63}},"5":{"start":{"line":25,"column":0},"end":{"line":33,"column":1}},"6":{"start":{"line":35,"column":38},"end":{"line":35,"column":55}},"7":{"start":{"line":36,"column":0},"end":{"line":46,"column":1}},"8":{"start":{"line":48,"column":23},"end":{"line":48,"column":40}},"9":{"start":{"line":49,"column":0},"end":{"line":59,"column":1}},"10":{"start":{"line":61,"column":28},"end":{"line":61,"column":45}},"11":{"start":{"line":62,"column":0},"end":{"line":70,"column":1}}},"fnMap":{"0":{"name":"(anonymous_0)","decl":{"start":{"line":11,"column":41},"end":{"line":11,"column":42}},"loc":{"start":{"line":11,"column":49},"end":{"line":11,"column":78}},"line":11}},"branchMap":{},"s":{"0":0,"1":0,"2":0,"3":0,"4":0,"5":0,"6":0,"7":0,"8":0,"9":0,"10":0,"11":0},"f":{"0":0},"b":{}}
,"/home/yashwl/React_demo_app/blinkist-app/src/components/atoms/Button/buttonA.tsx": {"path":"/home/yashwl/React_demo_app/blinkist-app/src/components/atoms/Button/buttonA.tsx","statementMap":{"0":{"start":{"line":17,"column":31},"end":{"line":32,"column":1}},"1":{"start":{"line":18,"column":105},"end":{"line":18,"column":110}},"2":{"start":{"line":19,"column":4},"end":{"line":31,"column":5}}},"fnMap":{"0":{"name":"(anonymous_0)","decl":{"start":{"line":17,"column":31},"end":{"line":17,"column":32}},"loc":{"start":{"line":17,"column":47},"end":{"line":32,"column":1}},"line":17}},"branchMap":{},"s":{"0":9,"1":100,"2":100},"f":{"0":100},"b":{},"_coverageSchema":"1a1c01bbd47fc00a2c39e90264f33305004495a9","hash":"772ab47a40e77ee02a33a7b5ea5790c630c622af"}
,"/home/yashwl/React_demo_app/blinkist-app/src/components/atoms/Icon/iconA.stories.tsx": {"path":"/home/yashwl/React_demo_app/blinkist-app/src/components/atoms/Icon/iconA.stories.tsx","statementMap":{"0":{"start":{"line":10,"column":35},"end":{"line":10,"column":64}},"1":{"start":{"line":10,"column":45},"end":{"line":10,"column":64}},"2":{"start":{"line":12,"column":24},"end":{"line":12,"column":41}},"3":{"start":{"line":13,"column":0},"end":{"line":15,"column":1}}},"fnMap":{"0":{"name":"(anonymous_0)","decl":{"start":{"line":10,"column":35},"end":{"line":10,"column":36}},"loc":{"start":{"line":10,"column":45},"end":{"line":10,"column":64}},"line":10}},"branchMap":{},"s":{"0":0,"1":0,"2":0,"3":0},"f":{"0":0},"b":{}}
,"/home/yashwl/React_demo_app/blinkist-app/src/components/atoms/Icon/iconA.tsx": {"path":"/home/yashwl/React_demo_app/blinkist-app/src/components/atoms/Icon/iconA.tsx","statementMap":{"0":{"start":{"line":10,"column":21},"end":{"line":15,"column":1}},"1":{"start":{"line":11,"column":46},"end":{"line":11,"column":51}},"2":{"start":{"line":12,"column":4},"end":{"line":14,"column":5}}},"fnMap":{"0":{"name":"(anonymous_0)","decl":{"start":{"line":10,"column":21},"end":{"line":10,"column":22}},"loc":{"start":{"line":10,"column":43},"end":{"line":15,"column":1}},"line":10}},"branchMap":{},"s":{"0":7,"1":18,"2":18},"f":{"0":18},"b":{},"_coverageSchema":"1a1c01bbd47fc00a2c39e90264f33305004495a9","hash":"c433803407b815234f49079681400ddf8558f4a6"}
,"/home/yashwl/React_demo_app/blinkist-app/src/components/atoms/IconButton/iconbuttonA.stories.tsx": {"path":"/home/yashwl/React_demo_app/blinkist-app/src/components/atoms/IconButton/iconbuttonA.stories.tsx","statementMap":{"0":{"start":{"line":12,"column":29},"end":{"line":14,"column":1}},"1":{"start":{"line":13,"column":2},"end":{"line":13,"column":35}},"2":{"start":{"line":16,"column":31},"end":{"line":16,"column":48}},"3":{"start":{"line":17,"column":0},"end":{"line":19,"column":2}},"4":{"start":{"line":21,"column":33},"end":{"line":21,"column":50}},"5":{"start":{"line":22,"column":0},"end":{"line":24,"column":2}}},"fnMap":{"0":{"name":"(anonymous_0)","decl":{"start":{"line":12,"column":29},"end":{"line":12,"column":30}},"loc":{"start":{"line":13,"column":2},"end":{"line":13,"column":35}},"line":13}},"branchMap":{},"s":{"0":0,"1":0,"2":0,"3":0,"4":0,"5":0},"f":{"0":0},"b":{}}
,"/home/yashwl/React_demo_app/blinkist-app/src/components/atoms/IconButton/iconbuttonA.tsx": {"path":"/home/yashwl/React_demo_app/blinkist-app/src/components/atoms/IconButton/iconbuttonA.tsx","statementMap":{"0":{"start":{"line":11,"column":28},"end":{"line":22,"column":1}},"1":{"start":{"line":12,"column":46},"end":{"line":12,"column":51}},"2":{"start":{"line":13,"column":2},"end":{"line":21,"column":3}}},"fnMap":{"0":{"name":"(anonymous_0)","decl":{"start":{"line":11,"column":28},"end":{"line":11,"column":29}},"loc":{"start":{"line":11,"column":56},"end":{"line":22,"column":1}},"line":11}},"branchMap":{},"s":{"0":12,"1":235,"2":235},"f":{"0":235},"b":{},"_coverageSchema":"1a1c01bbd47fc00a2c39e90264f33305004495a9","hash":"9cfb80971924b2601c281fedc5456a1a5ff71f89"}
,"/home/yashwl/React_demo_app/blinkist-app/src/components/atoms/progressbar/progressbarA.stories.tsx": {"path":"/home/yashwl/React_demo_app/blinkist-app/src/components/atoms/progressbar/progressbarA.stories.tsx","statementMap":{"0":{"start":{"line":8,"column":38},"end":{"line":10,"column":3}},"1":{"start":{"line":9,"column":4},"end":{"line":9,"column":29}},"2":{"start":{"line":11,"column":34},"end":{"line":11,"column":51}},"3":{"start":{"line":12,"column":2},"end":{"line":14,"column":4}}},"fnMap":{"0":{"name":"(anonymous_0)","decl":{"start":{"line":8,"column":38},"end":{"line":8,"column":39}},"loc":{"start":{"line":9,"column":4},"end":{"line":9,"column":29}},"line":9}},"branchMap":{},"s":{"0":0,"1":0,"2":0,"3":0},"f":{"0":0},"b":{}}
,"/home/yashwl/React_demo_app/blinkist-app/src/components/atoms/progressbar/progressbarA.tsx": {"path":"/home/yashwl/React_demo_app/blinkist-app/src/components/atoms/progressbar/progressbarA.tsx","statementMap":{"0":{"start":{"line":8,"column":19},"end":{"line":18,"column":4}},"1":{"start":{"line":20,"column":4},"end":{"line":20,"column":73}},"2":{"start":{"line":22,"column":19},"end":{"line":30,"column":4}},"3":{"start":{"line":32,"column":2},"end":{"line":36,"column":4}}},"fnMap":{"0":{"name":"ProgressBar","decl":{"start":{"line":7,"column":9},"end":{"line":7,"column":20}},"loc":{"start":{"line":7,"column":53},"end":{"line":37,"column":1}},"line":7}},"branchMap":{"0":{"loc":{"start":{"line":20,"column":4},"end":{"line":20,"column":73}},"type":"cond-expr","locations":[{"start":{"line":20,"column":50},"end":{"line":20,"column":64}},{"start":{"line":20,"column":67},"end":{"line":20,"column":73}}],"line":20},"1":{"loc":{"start":{"line":20,"column":4},"end":{"line":20,"column":47}},"type":"binary-expr","locations":[{"start":{"line":20,"column":4},"end":{"line":20,"column":26}},{"start":{"line":20,"column":30},"end":{"line":20,"column":47}}],"line":20}},"s":{"0":4,"1":4,"2":4,"3":4},"f":{"0":4},"b":{"0":[4,0],"1":[4,4]},"_coverageSchema":"1a1c01bbd47fc00a2c39e90264f33305004495a9","hash":"1848ca71a4ff03d02617110f00b4dab074d4dbd6"}
,"/home/yashwl/React_demo_app/blinkist-app/src/components/molecules/Banner/bannerM.stories.tsx": {"path":"/home/yashwl/React_demo_app/blinkist-app/src/components/molecules/Banner/bannerM.stories.tsx","statementMap":{"0":{"start":{"line":9,"column":48},"end":{"line":9,"column":64}},"1":{"start":{"line":9,"column":54},"end":{"line":9,"column":64}},"2":{"start":{"line":11,"column":38},"end":{"line":11,"column":55}},"3":{"start":{"line":12,"column":0},"end":{"line":14,"column":1}}},"fnMap":{"0":{"name":"(anonymous_0)","decl":{"start":{"line":9,"column":48},"end":{"line":9,"column":49}},"loc":{"start":{"line":9,"column":54},"end":{"line":9,"column":64}},"line":9}},"branchMap":{},"s":{"0":0,"1":0,"2":0,"3":0},"f":{"0":0},"b":{}}
,"/home/yashwl/React_demo_app/blinkist-app/src/components/molecules/Banner/bannerM.tsx": {"path":"/home/yashwl/React_demo_app/blinkist-app/src/components/molecules/Banner/bannerM.tsx","statementMap":{"0":{"start":{"line":6,"column":28},"end":{"line":12,"column":2}},"1":{"start":{"line":14,"column":28},"end":{"line":24,"column":2}},"2":{"start":{"line":26,"column":24},"end":{"line":31,"column":2}},"3":{"start":{"line":33,"column":29},"end":{"line":40,"column":2}},"4":{"start":{"line":42,"column":23},"end":{"line":48,"column":2}},"5":{"start":{"line":50,"column":22},"end":{"line":76,"column":1}},"6":{"start":{"line":51,"column":2},"end":{"line":75,"column":4}}},"fnMap":{"0":{"name":"(anonymous_0)","decl":{"start":{"line":50,"column":22},"end":{"line":50,"column":23}},"loc":{"start":{"line":50,"column":28},"end":{"line":76,"column":1}},"line":50}},"branchMap":{},"s":{"0":3,"1":3,"2":3,"3":3,"4":3,"5":3,"6":3},"f":{"0":3},"b":{},"_coverageSchema":"1a1c01bbd47fc00a2c39e90264f33305004495a9","hash":"c30a4e2bd3b5f69ea87a2fc771441fbbbaa1402f"}
,"/home/yashwl/React_demo_app/blinkist-app/src/components/molecules/Dropdown/dropdownM.stories.tsx": {"path":"/home/yashwl/React_demo_app/blinkist-app/src/components/molecules/Dropdown/dropdownM.stories.tsx","statementMap":{"0":{"start":{"line":9,"column":29},"end":{"line":9,"column":59}},"1":{"start":{"line":9,"column":37},"end":{"line":9,"column":59}},"2":{"start":{"line":11,"column":31},"end":{"line":11,"column":48}},"3":{"start":{"line":12,"column":0},"end":{"line":14,"column":1}},"4":{"start":{"line":16,"column":31},"end":{"line":16,"column":48}},"5":{"start":{"line":17,"column":0},"end":{"line":20,"column":1}}},"fnMap":{"0":{"name":"(anonymous_0)","decl":{"start":{"line":9,"column":29},"end":{"line":9,"column":30}},"loc":{"start":{"line":9,"column":37},"end":{"line":9,"column":59}},"line":9}},"branchMap":{},"s":{"0":0,"1":0,"2":0,"3":0,"4":0,"5":0},"f":{"0":0},"b":{}}
,"/home/yashwl/React_demo_app/blinkist-app/src/components/molecules/Dropdown/dropdownM.tsx": {"path":"/home/yashwl/React_demo_app/blinkist-app/src/components/molecules/Dropdown/dropdownM.tsx","statementMap":{"0":{"start":{"line":7,"column":18},"end":{"line":30,"column":2}},"1":{"start":{"line":40,"column":24},"end":{"line":60,"column":1}},"2":{"start":{"line":41,"column":15},"end":{"line":41,"column":26}},"3":{"start":{"line":42,"column":50},"end":{"line":42,"column":55}},"4":{"start":{"line":43,"column":2},"end":{"line":59,"column":4}}},"fnMap":{"0":{"name":"(anonymous_0)","decl":{"start":{"line":40,"column":24},"end":{"line":40,"column":25}},"loc":{"start":{"line":40,"column":50},"end":{"line":60,"column":1}},"line":40}},"branchMap":{"0":{"loc":{"start":{"line":46,"column":9},"end":{"line":54,"column":9}},"type":"cond-expr","locations":[{"start":{"line":47,"column":10},"end":{"line":49,"column":16}},{"start":{"line":51,"column":12},"end":{"line":53,"column":25}}],"line":46}},"s":{"0":5,"1":5,"2":8,"3":8,"4":8},"f":{"0":8},"b":{"0":[4,4]},"_coverageSchema":"1a1c01bbd47fc00a2c39e90264f33305004495a9","hash":"fe9dbd6e8a8f49c971495a5d57ec6443ec875ac6"}
,"/home/yashwl/React_demo_app/blinkist-app/src/components/molecules/FooterNav/footernavM.stories.tsx": {"path":"/home/yashwl/React_demo_app/blinkist-app/src/components/molecules/FooterNav/footernavM.stories.tsx","statementMap":{"0":{"start":{"line":10,"column":38},"end":{"line":10,"column":69}},"1":{"start":{"line":10,"column":46},"end":{"line":10,"column":69}},"2":{"start":{"line":12,"column":34},"end":{"line":12,"column":51}},"3":{"start":{"line":13,"column":0},"end":{"line":16,"column":1}}},"fnMap":{"0":{"name":"(anonymous_0)","decl":{"start":{"line":10,"column":38},"end":{"line":10,"column":39}},"loc":{"start":{"line":10,"column":46},"end":{"line":10,"column":69}},"line":10}},"branchMap":{},"s":{"0":0,"1":0,"2":0,"3":0},"f":{"0":0},"b":{}}
,"/home/yashwl/React_demo_app/blinkist-app/src/components/molecules/FooterNav/footernavM.tsx": {"path":"/home/yashwl/React_demo_app/blinkist-app/src/components/molecules/FooterNav/footernavM.tsx","statementMap":{"0":{"start":{"line":4,"column":20},"end":{"line":8,"column":2}},"1":{"start":{"line":10,"column":12},"end":{"line":12,"column":2}},"2":{"start":{"line":19,"column":25},"end":{"line":34,"column":1}},"3":{"start":{"line":20,"column":22},"end":{"line":20,"column":27}},"4":{"start":{"line":22,"column":2},"end":{"line":33,"column":4}},"5":{"start":{"line":26,"column":8},"end":{"line":30,"column":10}}},"fnMap":{"0":{"name":"(anonymous_0)","decl":{"start":{"line":19,"column":25},"end":{"line":19,"column":26}},"loc":{"start":{"line":19,"column":52},"end":{"line":34,"column":1}},"line":19},"1":{"name":"(anonymous_1)","decl":{"start":{"line":25,"column":16},"end":{"line":25,"column":17}},"loc":{"start":{"line":25,"column":31},"end":{"line":31,"column":7}},"line":25}},"branchMap":{},"s":{"0":5,"1":5,"2":5,"3":14,"4":14,"5":52},"f":{"0":14,"1":52},"b":{},"_coverageSchema":"1a1c01bbd47fc00a2c39e90264f33305004495a9","hash":"9b162de702aea6d6bcac53c559045beb524698ca"}
,"/home/yashwl/React_demo_app/blinkist-app/src/components/molecules/IconAndText/iconandtextM.stories.tsx": {"path":"/home/yashwl/React_demo_app/blinkist-app/src/components/molecules/IconAndText/iconandtextM.stories.tsx","statementMap":{"0":{"start":{"line":12,"column":42},"end":{"line":12,"column":75}},"1":{"start":{"line":12,"column":50},"end":{"line":12,"column":75}},"2":{"start":{"line":14,"column":24},"end":{"line":14,"column":41}},"3":{"start":{"line":15,"column":0},"end":{"line":19,"column":2}},"4":{"start":{"line":21,"column":24},"end":{"line":21,"column":41}},"5":{"start":{"line":22,"column":0},"end":{"line":26,"column":2}},"6":{"start":{"line":28,"column":32},"end":{"line":28,"column":49}},"7":{"start":{"line":29,"column":0},"end":{"line":33,"column":2}}},"fnMap":{"0":{"name":"(anonymous_0)","decl":{"start":{"line":12,"column":42},"end":{"line":12,"column":43}},"loc":{"start":{"line":12,"column":50},"end":{"line":12,"column":75}},"line":12}},"branchMap":{},"s":{"0":0,"1":0,"2":0,"3":0,"4":0,"5":0,"6":0,"7":0},"f":{"0":0},"b":{}}
,"/home/yashwl/React_demo_app/blinkist-app/src/components/molecules/IconAndText/iconandtextM.tsx": {"path":"/home/yashwl/React_demo_app/blinkist-app/src/components/molecules/IconAndText/iconandtextM.tsx","statementMap":{"0":{"start":{"line":26,"column":18},"end":{"line":34,"column":2}},"1":{"start":{"line":36,"column":27},"end":{"line":53,"column":1}},"2":{"start":{"line":37,"column":57},"end":{"line":37,"column":62}},"3":{"start":{"line":38,"column":14},"end":{"line":38,"column":25}},"4":{"start":{"line":39,"column":2},"end":{"line":52,"column":4}}},"fnMap":{"0":{"name":"(anonymous_0)","decl":{"start":{"line":36,"column":27},"end":{"line":36,"column":28}},"loc":{"start":{"line":36,"column":56},"end":{"line":53,"column":1}},"line":36}},"branchMap":{},"s":{"0":11,"1":11,"2":233,"3":233,"4":233},"f":{"0":233},"b":{},"_coverageSchema":"1a1c01bbd47fc00a2c39e90264f33305004495a9","hash":"fd24ba9b207d68da11d5ed2c7b5328c887756034"}
,"/home/yashwl/React_demo_app/blinkist-app/src/components/molecules/SearchBar/searchbarM.stories.tsx": {"path":"/home/yashwl/React_demo_app/blinkist-app/src/components/molecules/SearchBar/searchbarM.stories.tsx","statementMap":{"0":{"start":{"line":9,"column":60},"end":{"line":9,"column":87}},"1":{"start":{"line":9,"column":66},"end":{"line":9,"column":87}},"2":{"start":{"line":11,"column":25},"end":{"line":11,"column":42}}},"fnMap":{"0":{"name":"(anonymous_0)","decl":{"start":{"line":9,"column":60},"end":{"line":9,"column":61}},"loc":{"start":{"line":9,"column":66},"end":{"line":9,"column":87}},"line":9}},"branchMap":{},"s":{"0":0,"1":0,"2":0},"f":{"0":0},"b":{}}
,"/home/yashwl/React_demo_app/blinkist-app/src/components/molecules/SearchBar/searchbarM.tsx": {"path":"/home/yashwl/React_demo_app/blinkist-app/src/components/molecules/SearchBar/searchbarM.tsx","statementMap":{"0":{"start":{"line":8,"column":18},"end":{"line":36,"column":2}},"1":{"start":{"line":38,"column":34},"end":{"line":58,"column":1}},"2":{"start":{"line":39,"column":30},"end":{"line":39,"column":42}},"3":{"start":{"line":40,"column":18},"end":{"line":40,"column":29}},"4":{"start":{"line":42,"column":2},"end":{"line":57,"column":4}},"5":{"start":{"line":52,"column":25},"end":{"line":52,"column":50}}},"fnMap":{"0":{"name":"(anonymous_0)","decl":{"start":{"line":38,"column":34},"end":{"line":38,"column":35}},"loc":{"start":{"line":38,"column":40},"end":{"line":58,"column":1}},"line":38},"1":{"name":"(anonymous_1)","decl":{"start":{"line":52,"column":20},"end":{"line":52,"column":21}},"loc":{"start":{"line":52,"column":25},"end":{"line":52,"column":50}},"line":52}},"branchMap":{},"s":{"0":1,"1":1,"2":2,"3":2,"4":2,"5":1},"f":{"0":2,"1":1},"b":{},"_coverageSchema":"1a1c01bbd47fc00a2c39e90264f33305004495a9","hash":"dd1de7aad93ef6eccc14ad06ffa55dc268b9b490"}
,"/home/yashwl/React_demo_app/blinkist-app/src/components/molecules/Tabs/tabsM.stories.tsx": {"path":"/home/yashwl/React_demo_app/blinkist-app/src/components/molecules/Tabs/tabsM.stories.tsx","statementMap":{"0":{"start":{"line":9,"column":55},"end":{"line":9,"column":78}},"1":{"start":{"line":9,"column":61},"end":{"line":9,"column":78}},"2":{"start":{"line":11,"column":47},"end":{"line":11,"column":64}},"3":{"start":{"line":12,"column":0},"end":{"line":14,"column":1}}},"fnMap":{"0":{"name":"(anonymous_0)","decl":{"start":{"line":9,"column":55},"end":{"line":9,"column":56}},"loc":{"start":{"line":9,"column":61},"end":{"line":9,"column":78}},"line":9}},"branchMap":{},"s":{"0":0,"1":0,"2":0,"3":0},"f":{"0":0},"b":{}}
,"/home/yashwl/React_demo_app/blinkist-app/src/components/molecules/Tabs/tabsM.tsx": {"path":"/home/yashwl/React_demo_app/blinkist-app/src/components/molecules/Tabs/tabsM.tsx","statementMap":{"0":{"start":{"line":6,"column":18},"end":{"line":10,"column":3}},"1":{"start":{"line":6,"column":36},"end":{"line":10,"column":1}},"2":{"start":{"line":12,"column":29},"end":{"line":52,"column":1}},"3":{"start":{"line":13,"column":28},"end":{"line":13,"column":41}},"4":{"start":{"line":14,"column":28},"end":{"line":14,"column":47}},"5":{"start":{"line":15,"column":23},"end":{"line":18,"column":3}},"6":{"start":{"line":16,"column":4},"end":{"line":16,"column":23}},"7":{"start":{"line":17,"column":4},"end":{"line":17,"column":20}},"8":{"start":{"line":20,"column":16},"end":{"line":20,"column":27}},"9":{"start":{"line":22,"column":2},"end":{"line":51,"column":4}}},"fnMap":{"0":{"name":"(anonymous_0)","decl":{"start":{"line":6,"column":29},"end":{"line":6,"column":30}},"loc":{"start":{"line":6,"column":36},"end":{"line":10,"column":1}},"line":6},"1":{"name":"(anonymous_1)","decl":{"start":{"line":12,"column":29},"end":{"line":12,"column":30}},"loc":{"start":{"line":12,"column":35},"end":{"line":52,"column":1}},"line":12},"2":{"name":"(anonymous_2)","decl":{"start":{"line":15,"column":23},"end":{"line":15,"column":24}},"loc":{"start":{"line":15,"column":74},"end":{"line":18,"column":3}},"line":15}},"branchMap":{},"s":{"0":1,"1":1,"2":1,"3":1,"4":1,"5":1,"6":0,"7":0,"8":1,"9":1},"f":{"0":1,"1":1,"2":0},"b":{},"_coverageSchema":"1a1c01bbd47fc00a2c39e90264f33305004495a9","hash":"9d6842ff3212e19e4eb525a92f54834fc1a03bfc"}
,"/home/yashwl/React_demo_app/blinkist-app/src/components/organisms/AboutBook/aboutbookO.stories.tsx": {"path":"/home/yashwl/React_demo_app/blinkist-app/src/components/organisms/AboutBook/aboutbookO.stories.tsx","statementMap":{"0":{"start":{"line":9,"column":49},"end":{"line":9,"column":69}},"1":{"start":{"line":9,"column":55},"end":{"line":9,"column":69}},"2":{"start":{"line":11,"column":29},"end":{"line":11,"column":46}},"3":{"start":{"line":12,"column":0},"end":{"line":14,"column":1}}},"fnMap":{"0":{"name":"(anonymous_0)","decl":{"start":{"line":9,"column":49},"end":{"line":9,"column":50}},"loc":{"start":{"line":9,"column":55},"end":{"line":9,"column":69}},"line":9}},"branchMap":{},"s":{"0":0,"1":0,"2":0,"3":0},"f":{"0":0},"b":{}}
,"/home/yashwl/React_demo_app/blinkist-app/src/components/organisms/AboutBook/aboutbookO.tsx": {"path":"/home/yashwl/React_demo_app/blinkist-app/src/components/organisms/AboutBook/aboutbookO.tsx","statementMap":{"0":{"start":{"line":10,"column":16},"end":{"line":38,"column":2}},"1":{"start":{"line":40,"column":22},"end":{"line":43,"column":2}},"2":{"start":{"line":45,"column":25},"end":{"line":127,"column":1}},"3":{"start":{"line":46,"column":28},"end":{"line":46,"column":41}},"4":{"start":{"line":47,"column":23},"end":{"line":50,"column":3}},"5":{"start":{"line":48,"column":4},"end":{"line":48,"column":23}},"6":{"start":{"line":52,"column":15},"end":{"line":52,"column":26}},"7":{"start":{"line":54,"column":2},"end":{"line":126,"column":4}}},"fnMap":{"0":{"name":"(anonymous_0)","decl":{"start":{"line":45,"column":25},"end":{"line":45,"column":26}},"loc":{"start":{"line":45,"column":31},"end":{"line":127,"column":1}},"line":45},"1":{"name":"(anonymous_1)","decl":{"start":{"line":47,"column":23},"end":{"line":47,"column":24}},"loc":{"start":{"line":47,"column":74},"end":{"line":50,"column":3}},"line":47}},"branchMap":{},"s":{"0":4,"1":4,"2":4,"3":3,"4":3,"5":0,"6":3,"7":3},"f":{"0":3,"1":0},"b":{},"_coverageSchema":"1a1c01bbd47fc00a2c39e90264f33305004495a9","hash":"b8bc6f91218401b40323149ef37b23227e807b4e"}
,"/home/yashwl/React_demo_app/blinkist-app/src/components/organisms/BookCategories/bookcatO.stories.tsx": {"path":"/home/yashwl/React_demo_app/blinkist-app/src/components/organisms/BookCategories/bookcatO.stories.tsx","statementMap":{"0":{"start":{"line":12,"column":52},"end":{"line":12,"column":114}},"1":{"start":{"line":12,"column":60},"end":{"line":12,"column":114}},"2":{"start":{"line":15,"column":24},"end":{"line":15,"column":41}},"3":{"start":{"line":16,"column":0},"end":{"line":20,"column":1}},"4":{"start":{"line":22,"column":25},"end":{"line":22,"column":42}},"5":{"start":{"line":23,"column":0},"end":{"line":27,"column":1}},"6":{"start":{"line":29,"column":24},"end":{"line":29,"column":41}},"7":{"start":{"line":30,"column":0},"end":{"line":34,"column":1}}},"fnMap":{"0":{"name":"(anonymous_0)","decl":{"start":{"line":12,"column":52},"end":{"line":12,"column":53}},"loc":{"start":{"line":12,"column":60},"end":{"line":12,"column":114}},"line":12}},"branchMap":{},"s":{"0":0,"1":0,"2":0,"3":0,"4":0,"5":0,"6":0,"7":0},"f":{"0":0},"b":{}}
,"/home/yashwl/React_demo_app/blinkist-app/src/components/organisms/BookCategories/bookcatO.tsx": {"path":"/home/yashwl/React_demo_app/blinkist-app/src/components/organisms/BookCategories/bookcatO.tsx","statementMap":{"0":{"start":{"line":27,"column":20},"end":{"line":33,"column":2}},"1":{"start":{"line":35,"column":16},"end":{"line":41,"column":2}},"2":{"start":{"line":43,"column":19},"end":{"line":123,"column":1}},"3":{"start":{"line":44,"column":30},"end":{"line":44,"column":35}},"4":{"start":{"line":45,"column":34},"end":{"line":45,"column":48}},"5":{"start":{"line":46,"column":28},"end":{"line":46,"column":40}},"6":{"start":{"line":47,"column":21},"end":{"line":47,"column":27}},"7":{"start":{"line":48,"column":20},"end":{"line":48,"column":46}},"8":{"start":{"line":50,"column":15},"end":{"line":50,"column":26}},"9":{"start":{"line":52,"column":20},"end":{"line":66,"column":3}},"10":{"start":{"line":53,"column":4},"end":{"line":65,"column":5}},"11":{"start":{"line":54,"column":6},"end":{"line":54,"column":69}},"12":{"start":{"line":54,"column":44},"end":{"line":54,"column":66}},"13":{"start":{"line":55,"column":6},"end":{"line":55,"column":26}},"14":{"start":{"line":57,"column":11},"end":{"line":65,"column":5}},"15":{"start":{"line":58,"column":8},"end":{"line":58,"column":70}},"16":{"start":{"line":58,"column":46},"end":{"line":58,"column":68}},"17":{"start":{"line":59,"column":8},"end":{"line":59,"column":28}},"18":{"start":{"line":62,"column":9},"end":{"line":65,"column":5}},"19":{"start":{"line":63,"column":6},"end":{"line":63,"column":68}},"20":{"start":{"line":63,"column":44},"end":{"line":63,"column":65}},"21":{"start":{"line":64,"column":6},"end":{"line":64,"column":28}},"22":{"start":{"line":68,"column":2},"end":{"line":76,"column":15}},"23":{"start":{"line":69,"column":4},"end":{"line":75,"column":5}},"24":{"start":{"line":70,"column":6},"end":{"line":70,"column":30}},"25":{"start":{"line":71,"column":11},"end":{"line":75,"column":5}},"26":{"start":{"line":72,"column":6},"end":{"line":72,"column":30}},"27":{"start":{"line":74,"column":6},"end":{"line":74,"column":31}},"28":{"start":{"line":78,"column":2},"end":{"line":122,"column":4}},"29":{"start":{"line":84,"column":12},"end":{"line":118,"column":13}},"30":{"start":{"line":85,"column":12},"end":{"line":98,"column":14}},"31":{"start":{"line":100,"column":14},"end":{"line":117,"column":15}},"32":{"start":{"line":102,"column":16},"end":{"line":115,"column":18}}},"fnMap":{"0":{"name":"(anonymous_0)","decl":{"start":{"line":43,"column":19},"end":{"line":43,"column":20}},"loc":{"start":{"line":43,"column":41},"end":{"line":123,"column":1}},"line":43},"1":{"name":"(anonymous_1)","decl":{"start":{"line":52,"column":20},"end":{"line":52,"column":21}},"loc":{"start":{"line":52,"column":47},"end":{"line":66,"column":3}},"line":52},"2":{"name":"(anonymous_2)","decl":{"start":{"line":54,"column":34},"end":{"line":54,"column":35}},"loc":{"start":{"line":54,"column":44},"end":{"line":54,"column":66}},"line":54},"3":{"name":"(anonymous_3)","decl":{"start":{"line":58,"column":36},"end":{"line":58,"column":37}},"loc":{"start":{"line":58,"column":46},"end":{"line":58,"column":68}},"line":58},"4":{"name":"(anonymous_4)","decl":{"start":{"line":63,"column":34},"end":{"line":63,"column":35}},"loc":{"start":{"line":63,"column":44},"end":{"line":63,"column":65}},"line":63},"5":{"name":"(anonymous_5)","decl":{"start":{"line":68,"column":12},"end":{"line":68,"column":13}},"loc":{"start":{"line":68,"column":18},"end":{"line":76,"column":3}},"line":68},"6":{"name":"(anonymous_6)","decl":{"start":{"line":83,"column":24},"end":{"line":83,"column":25}},"loc":{"start":{"line":83,"column":39},"end":{"line":119,"column":11}},"line":83}},"branchMap":{"0":{"loc":{"start":{"line":53,"column":4},"end":{"line":65,"column":5}},"type":"if","locations":[{"start":{"line":53,"column":4},"end":{"line":65,"column":5}},{"start":{"line":57,"column":11},"end":{"line":65,"column":5}}],"line":53},"1":{"loc":{"start":{"line":57,"column":11},"end":{"line":65,"column":5}},"type":"if","locations":[{"start":{"line":57,"column":11},"end":{"line":65,"column":5}},{"start":{"line":62,"column":9},"end":{"line":65,"column":5}}],"line":57},"2":{"loc":{"start":{"line":62,"column":9},"end":{"line":65,"column":5}},"type":"if","locations":[{"start":{"line":62,"column":9},"end":{"line":65,"column":5}},{"start":{},"end":{}}],"line":62},"3":{"loc":{"start":{"line":69,"column":4},"end":{"line":75,"column":5}},"type":"if","locations":[{"start":{"line":69,"column":4},"end":{"line":75,"column":5}},{"start":{"line":71,"column":11},"end":{"line":75,"column":5}}],"line":69},"4":{"loc":{"start":{"line":71,"column":11},"end":{"line":75,"column":5}},"type":"if","locations":[{"start":{"line":71,"column":11},"end":{"line":75,"column":5}},{"start":{"line":73,"column":11},"end":{"line":75,"column":5}}],"line":71},"5":{"loc":{"start":{"line":84,"column":12},"end":{"line":118,"column":13}},"type":"if","locations":[{"start":{"line":84,"column":12},"end":{"line":118,"column":13}},{"start":{"line":99,"column":17},"end":{"line":118,"column":13}}],"line":84},"6":{"loc":{"start":{"line":100,"column":14},"end":{"line":117,"column":15}},"type":"if","locations":[{"start":{"line":100,"column":14},"end":{"line":117,"column":15}},{"start":{},"end":{}}],"line":100},"7":{"loc":{"start":{"line":100,"column":17},"end":{"line":101,"column":66}},"type":"binary-expr","locations":[{"start":{"line":100,"column":18},"end":{"line":100,"column":69}},{"start":{"line":101,"column":15},"end":{"line":101,"column":65}}],"line":100}},"s":{"0":3,"1":3,"2":3,"3":14,"4":14,"5":14,"6":14,"7":14,"8":14,"9":14,"10":7,"11":2,"12":22,"13":2,"14":5,"15":3,"16":33,"17":3,"18":2,"19":2,"20":22,"21":2,"22":14,"23":7,"24":3,"25":4,"26":2,"27":2,"28":14,"29":107,"30":45,"31":62,"32":45},"f":{"0":14,"1":7,"2":22,"3":33,"4":22,"5":7,"6":107},"b":{"0":[2,5],"1":[3,2],"2":[2,0],"3":[3,4],"4":[2,2],"5":[45,62],"6":[45,17],"7":[62,17]},"_coverageSchema":"1a1c01bbd47fc00a2c39e90264f33305004495a9","hash":"112845b7f63da7427efff173c0dcf86ab3794b2e"}
,"/home/yashwl/React_demo_app/blinkist-app/src/components/organisms/BookDescription/bookdescO.stories.tsx": {"path":"/home/yashwl/React_demo_app/blinkist-app/src/components/organisms/BookDescription/bookdescO.stories.tsx","statementMap":{"0":{"start":{"line":10,"column":55},"end":{"line":10,"column":80}},"1":{"start":{"line":10,"column":61},"end":{"line":10,"column":80}},"2":{"start":{"line":12,"column":35},"end":{"line":12,"column":52}}},"fnMap":{"0":{"name":"(anonymous_0)","decl":{"start":{"line":10,"column":55},"end":{"line":10,"column":56}},"loc":{"start":{"line":10,"column":61},"end":{"line":10,"column":80}},"line":10}},"branchMap":{},"s":{"0":0,"1":0,"2":0},"f":{"0":0},"b":{}}
,"/home/yashwl/React_demo_app/blinkist-app/src/components/organisms/BookDescription/bookdescO.tsx": {"path":"/home/yashwl/React_demo_app/blinkist-app/src/components/organisms/BookDescription/bookdescO.tsx","statementMap":{"0":{"start":{"line":17,"column":20},"end":{"line":24,"column":2}},"1":{"start":{"line":26,"column":20},"end":{"line":30,"column":2}},"2":{"start":{"line":32,"column":24},"end":{"line":35,"column":2}},"3":{"start":{"line":37,"column":27},"end":{"line":43,"column":2}},"4":{"start":{"line":45,"column":24},"end":{"line":49,"column":2}},"5":{"start":{"line":51,"column":23},"end":{"line":57,"column":2}},"6":{"start":{"line":59,"column":20},"end":{"line":62,"column":2}},"7":{"start":{"line":64,"column":21},"end":{"line":69,"column":2}},"8":{"start":{"line":71,"column":31},"end":{"line":171,"column":1}},"9":{"start":{"line":72,"column":34},"end":{"line":85,"column":4}},"10":{"start":{"line":87,"column":17},"end":{"line":87,"column":30}},"11":{"start":{"line":88,"column":19},"end":{"line":90,"column":3}},"12":{"start":{"line":89,"column":4},"end":{"line":89,"column":17}},"13":{"start":{"line":92,"column":0},"end":{"line":170,"column":4}},"14":{"start":{"line":129,"column":29},"end":{"line":129,"column":41}}},"fnMap":{"0":{"name":"(anonymous_0)","decl":{"start":{"line":71,"column":31},"end":{"line":71,"column":32}},"loc":{"start":{"line":71,"column":37},"end":{"line":171,"column":1}},"line":71},"1":{"name":"(anonymous_1)","decl":{"start":{"line":88,"column":19},"end":{"line":88,"column":20}},"loc":{"start":{"line":88,"column":31},"end":{"line":90,"column":3}},"line":88},"2":{"name":"(anonymous_2)","decl":{"start":{"line":129,"column":23},"end":{"line":129,"column":24}},"loc":{"start":{"line":129,"column":29},"end":{"line":129,"column":41}},"line":129}},"branchMap":{},"s":{"0":3,"1":3,"2":3,"3":3,"4":3,"5":3,"6":3,"7":3,"8":3,"9":2,"10":2,"11":2,"12":0,"13":2,"14":0},"f":{"0":2,"1":0,"2":0},"b":{},"_coverageSchema":"1a1c01bbd47fc00a2c39e90264f33305004495a9","hash":"8873ef6bf4f436568a0195c11e603a6bfc5151ce"}
,"/home/yashwl/React_demo_app/blinkist-app/src/components/organisms/Card/cardO.stories.tsx": {"path":"/home/yashwl/React_demo_app/blinkist-app/src/components/organisms/Card/cardO.stories.tsx","statementMap":{"0":{"start":{"line":12,"column":33},"end":{"line":12,"column":59}},"1":{"start":{"line":12,"column":41},"end":{"line":12,"column":59}},"2":{"start":{"line":14,"column":29},"end":{"line":14,"column":46}},"3":{"start":{"line":15,"column":0},"end":{"line":25,"column":1}}},"fnMap":{"0":{"name":"(anonymous_0)","decl":{"start":{"line":12,"column":33},"end":{"line":12,"column":34}},"loc":{"start":{"line":12,"column":41},"end":{"line":12,"column":59}},"line":12}},"branchMap":{},"s":{"0":0,"1":0,"2":0,"3":0},"f":{"0":0},"b":{}}
,"/home/yashwl/React_demo_app/blinkist-app/src/components/organisms/Card/cardO.tsx": {"path":"/home/yashwl/React_demo_app/blinkist-app/src/components/organisms/Card/cardO.tsx","statementMap":{"0":{"start":{"line":16,"column":20},"end":{"line":22,"column":2}},"1":{"start":{"line":24,"column":21},"end":{"line":27,"column":2}},"2":{"start":{"line":29,"column":20},"end":{"line":35,"column":2}},"3":{"start":{"line":37,"column":19},"end":{"line":45,"column":2}},"4":{"start":{"line":47,"column":20},"end":{"line":53,"column":2}},"5":{"start":{"line":55,"column":20},"end":{"line":61,"column":2}},"6":{"start":{"line":63,"column":16},"end":{"line":66,"column":2}},"7":{"start":{"line":67,"column":11},"end":{"line":72,"column":2}},"8":{"start":{"line":74,"column":16},"end":{"line":138,"column":2}},"9":{"start":{"line":173,"column":20},"end":{"line":305,"column":1}},"10":{"start":{"line":174,"column":112},"end":{"line":174,"column":117}},"11":{"start":{"line":175,"column":15},"end":{"line":175,"column":26}},"12":{"start":{"line":177,"column":34},"end":{"line":177,"column":46}},"13":{"start":{"line":179,"column":33},"end":{"line":192,"column":4}},"14":{"start":{"line":193,"column":30},"end":{"line":198,"column":3}},"15":{"start":{"line":194,"column":4},"end":{"line":197,"column":6}},"16":{"start":{"line":200,"column":30},"end":{"line":202,"column":3}},"17":{"start":{"line":201,"column":4},"end":{"line":201,"column":20}},"18":{"start":{"line":204,"column":2},"end":{"line":213,"column":13}},"19":{"start":{"line":206,"column":29},"end":{"line":211,"column":10}},"20":{"start":{"line":207,"column":6},"end":{"line":211,"column":9}},"21":{"start":{"line":208,"column":21},"end":{"line":208,"column":53}},"22":{"start":{"line":209,"column":21},"end":{"line":209,"column":30}},"23":{"start":{"line":210,"column":8},"end":{"line":210,"column":25}},"24":{"start":{"line":212,"column":4},"end":{"line":212,"column":27}},"25":{"start":{"line":216,"column":30},"end":{"line":220,"column":3}},"26":{"start":{"line":218,"column":4},"end":{"line":218,"column":38}},"27":{"start":{"line":219,"column":4},"end":{"line":219,"column":46}},"28":{"start":{"line":222,"column":21},"end":{"line":232,"column":5}},"29":{"start":{"line":223,"column":4},"end":{"line":229,"column":5}},"30":{"start":{"line":224,"column":6},"end":{"line":224,"column":40}},"31":{"start":{"line":227,"column":6},"end":{"line":227,"column":39}},"32":{"start":{"line":231,"column":4},"end":{"line":231,"column":46}},"33":{"start":{"line":234,"column":17},"end":{"line":234,"column":30}},"34":{"start":{"line":235,"column":24},"end":{"line":237,"column":3}},"35":{"start":{"line":236,"column":4},"end":{"line":236,"column":28}},"36":{"start":{"line":239,"column":0},"end":{"line":304,"column":4}},"37":{"start":{"line":274,"column":83},"end":{"line":274,"column":102}},"38":{"start":{"line":285,"column":83},"end":{"line":285,"column":102}},"39":{"start":{"line":295,"column":108},"end":{"line":295,"column":136}}},"fnMap":{"0":{"name":"(anonymous_0)","decl":{"start":{"line":173,"column":20},"end":{"line":173,"column":21}},"loc":{"start":{"line":173,"column":42},"end":{"line":305,"column":1}},"line":173},"1":{"name":"(anonymous_1)","decl":{"start":{"line":193,"column":30},"end":{"line":193,"column":31}},"loc":{"start":{"line":193,"column":36},"end":{"line":198,"column":3}},"line":193},"2":{"name":"(anonymous_2)","decl":{"start":{"line":200,"column":30},"end":{"line":200,"column":31}},"loc":{"start":{"line":200,"column":36},"end":{"line":202,"column":3}},"line":200},"3":{"name":"(anonymous_3)","decl":{"start":{"line":204,"column":12},"end":{"line":204,"column":13}},"loc":{"start":{"line":204,"column":18},"end":{"line":213,"column":3}},"line":204},"4":{"name":"(anonymous_4)","decl":{"start":{"line":206,"column":29},"end":{"line":206,"column":30}},"loc":{"start":{"line":206,"column":51},"end":{"line":211,"column":10}},"line":206},"5":{"name":"(anonymous_5)","decl":{"start":{"line":216,"column":30},"end":{"line":216,"column":31}},"loc":{"start":{"line":216,"column":53},"end":{"line":220,"column":3}},"line":216},"6":{"name":"(anonymous_6)","decl":{"start":{"line":222,"column":21},"end":{"line":222,"column":22}},"loc":{"start":{"line":222,"column":44},"end":{"line":232,"column":5}},"line":222},"7":{"name":"(anonymous_7)","decl":{"start":{"line":235,"column":24},"end":{"line":235,"column":25}},"loc":{"start":{"line":235,"column":30},"end":{"line":237,"column":3}},"line":235},"8":{"name":"(anonymous_8)","decl":{"start":{"line":274,"column":77},"end":{"line":274,"column":78}},"loc":{"start":{"line":274,"column":83},"end":{"line":274,"column":102}},"line":274},"9":{"name":"(anonymous_9)","decl":{"start":{"line":285,"column":77},"end":{"line":285,"column":78}},"loc":{"start":{"line":285,"column":83},"end":{"line":285,"column":102}},"line":285},"10":{"name":"(anonymous_10)","decl":{"start":{"line":295,"column":102},"end":{"line":295,"column":103}},"loc":{"start":{"line":295,"column":108},"end":{"line":295,"column":136}},"line":295}},"branchMap":{"0":{"loc":{"start":{"line":207,"column":6},"end":{"line":211,"column":9}},"type":"if","locations":[{"start":{"line":207,"column":6},"end":{"line":211,"column":9}},{"start":{},"end":{}}],"line":207},"1":{"loc":{"start":{"line":207,"column":9},"end":{"line":207,"column":25}},"type":"binary-expr","locations":[{"start":{"line":207,"column":9},"end":{"line":207,"column":12}},{"start":{"line":207,"column":16},"end":{"line":207,"column":25}}],"line":207},"2":{"loc":{"start":{"line":223,"column":4},"end":{"line":229,"column":5}},"type":"if","locations":[{"start":{"line":223,"column":4},"end":{"line":229,"column":5}},{"start":{"line":226,"column":9},"end":{"line":229,"column":5}}],"line":223},"3":{"loc":{"start":{"line":260,"column":11},"end":{"line":262,"column":13}},"type":"cond-expr","locations":[{"start":{"line":260,"column":25},"end":{"line":260,"column":29}},{"start":{"line":261,"column":14},"end":{"line":261,"column":88}}],"line":260},"4":{"loc":{"start":{"line":265,"column":11},"end":{"line":267,"column":13}},"type":"cond-expr","locations":[{"start":{"line":265,"column":28},"end":{"line":265,"column":32}},{"start":{"line":266,"column":14},"end":{"line":266,"column":91}}],"line":265},"5":{"loc":{"start":{"line":271,"column":9},"end":{"line":282,"column":18}},"type":"cond-expr","locations":[{"start":{"line":274,"column":12},"end":{"line":279,"column":25}},{"start":{"line":282,"column":14},"end":{"line":282,"column":18}}],"line":271},"6":{"loc":{"start":{"line":284,"column":11},"end":{"line":291,"column":18}},"type":"cond-expr","locations":[{"start":{"line":285,"column":12},"end":{"line":290,"column":25}},{"start":{"line":291,"column":14},"end":{"line":291,"column":18}}],"line":284},"7":{"loc":{"start":{"line":293,"column":9},"end":{"line":297,"column":16}},"type":"cond-expr","locations":[{"start":{"line":294,"column":10},"end":{"line":296,"column":22}},{"start":{"line":297,"column":12},"end":{"line":297,"column":16}}],"line":293}},"s":{"0":6,"1":6,"2":6,"3":6,"4":6,"5":6,"6":6,"7":6,"8":6,"9":6,"10":97,"11":95,"12":95,"13":95,"14":95,"15":0,"16":95,"17":0,"18":95,"19":93,"20":93,"21":91,"22":0,"23":0,"24":93,"25":95,"26":0,"27":0,"28":95,"29":0,"30":0,"31":0,"32":0,"33":95,"34":95,"35":0,"36":95,"37":0,"38":0,"39":0},"f":{"0":97,"1":0,"2":0,"3":93,"4":93,"5":0,"6":0,"7":0,"8":0,"9":0,"10":0},"b":{"0":[91,2],"1":[93,91],"2":[0,0],"3":[2,93],"4":[50,45],"5":[2,93],"6":[1,94],"7":[91,4]},"_coverageSchema":"1a1c01bbd47fc00a2c39e90264f33305004495a9","hash":"7e22474ea88e172a23096007f71927e37b369aeb"}
,"/home/yashwl/React_demo_app/blinkist-app/src/components/organisms/ExtendedNav/extendednavO.stories.tsx": {"path":"/home/yashwl/React_demo_app/blinkist-app/src/components/organisms/ExtendedNav/extendednavO.stories.tsx","statementMap":{"0":{"start":{"line":9,"column":53},"end":{"line":9,"column":74}},"1":{"start":{"line":9,"column":59},"end":{"line":9,"column":74}},"2":{"start":{"line":11,"column":22},"end":{"line":11,"column":39}},"3":{"start":{"line":12,"column":0},"end":{"line":14,"column":1}}},"fnMap":{"0":{"name":"(anonymous_0)","decl":{"start":{"line":9,"column":53},"end":{"line":9,"column":54}},"loc":{"start":{"line":9,"column":59},"end":{"line":9,"column":74}},"line":9}},"branchMap":{},"s":{"0":0,"1":0,"2":0,"3":0},"f":{"0":0},"b":{}}
,"/home/yashwl/React_demo_app/blinkist-app/src/components/organisms/ExtendedNav/extendednavO.tsx": {"path":"/home/yashwl/React_demo_app/blinkist-app/src/components/organisms/ExtendedNav/extendednavO.tsx","statementMap":{"0":{"start":{"line":8,"column":22},"end":{"line":15,"column":2}},"1":{"start":{"line":17,"column":16},"end":{"line":74,"column":2}},"2":{"start":{"line":76,"column":27},"end":{"line":105,"column":1}},"3":{"start":{"line":77,"column":15},"end":{"line":77,"column":26}},"4":{"start":{"line":79,"column":19},"end":{"line":79,"column":32}},"5":{"start":{"line":80,"column":32},"end":{"line":82,"column":3}},"6":{"start":{"line":81,"column":4},"end":{"line":81,"column":33}},"7":{"start":{"line":85,"column":2},"end":{"line":104,"column":4}},"8":{"start":{"line":95,"column":12},"end":{"line":99,"column":14}}},"fnMap":{"0":{"name":"(anonymous_0)","decl":{"start":{"line":76,"column":27},"end":{"line":76,"column":28}},"loc":{"start":{"line":76,"column":33},"end":{"line":105,"column":1}},"line":76},"1":{"name":"(anonymous_1)","decl":{"start":{"line":80,"column":32},"end":{"line":80,"column":33}},"loc":{"start":{"line":80,"column":38},"end":{"line":82,"column":3}},"line":80},"2":{"name":"(anonymous_2)","decl":{"start":{"line":94,"column":31},"end":{"line":94,"column":32}},"loc":{"start":{"line":94,"column":45},"end":{"line":100,"column":11}},"line":94}},"branchMap":{},"s":{"0":5,"1":5,"2":5,"3":5,"4":5,"5":5,"6":1,"7":5,"8":90},"f":{"0":5,"1":1,"2":90},"b":{},"_coverageSchema":"1a1c01bbd47fc00a2c39e90264f33305004495a9","hash":"4f98e9158ca19f537062d964eb2b99809c09556c"}
,"/home/yashwl/React_demo_app/blinkist-app/src/components/organisms/Footer/footerO.stories.tsx": {"path":"/home/yashwl/React_demo_app/blinkist-app/src/components/organisms/Footer/footerO.stories.tsx","statementMap":{"0":{"start":{"line":9,"column":46},"end":{"line":9,"column":62}},"1":{"start":{"line":9,"column":52},"end":{"line":9,"column":62}},"2":{"start":{"line":11,"column":31},"end":{"line":11,"column":48}},"3":{"start":{"line":12,"column":0},"end":{"line":14,"column":1}}},"fnMap":{"0":{"name":"(anonymous_0)","decl":{"start":{"line":9,"column":46},"end":{"line":9,"column":47}},"loc":{"start":{"line":9,"column":52},"end":{"line":9,"column":62}},"line":9}},"branchMap":{},"s":{"0":0,"1":0,"2":0,"3":0},"f":{"0":0},"b":{}}
,"/home/yashwl/React_demo_app/blinkist-app/src/components/organisms/Footer/footerO.tsx": {"path":"/home/yashwl/React_demo_app/blinkist-app/src/components/organisms/Footer/footerO.tsx","statementMap":{"0":{"start":{"line":9,"column":20},"end":{"line":15,"column":2}},"1":{"start":{"line":17,"column":20},"end":{"line":22,"column":2}},"2":{"start":{"line":24,"column":20},"end":{"line":33,"column":2}},"3":{"start":{"line":35,"column":21},"end":{"line":40,"column":2}},"4":{"start":{"line":42,"column":16},"end":{"line":53,"column":2}},"5":{"start":{"line":55,"column":22},"end":{"line":63,"column":2}},"6":{"start":{"line":65,"column":22},"end":{"line":98,"column":1}},"7":{"start":{"line":66,"column":15},"end":{"line":66,"column":26}},"8":{"start":{"line":68,"column":2},"end":{"line":97,"column":4}}},"fnMap":{"0":{"name":"(anonymous_0)","decl":{"start":{"line":65,"column":22},"end":{"line":65,"column":23}},"loc":{"start":{"line":65,"column":28},"end":{"line":98,"column":1}},"line":65}},"branchMap":{},"s":{"0":4,"1":4,"2":4,"3":4,"4":4,"5":4,"6":4,"7":3,"8":3},"f":{"0":3},"b":{},"_coverageSchema":"1a1c01bbd47fc00a2c39e90264f33305004495a9","hash":"9b5216081902cd84c2b2251c8e6ff43e4631d37c"}
,"/home/yashwl/React_demo_app/blinkist-app/src/components/organisms/Header/headerO.stories.tsx": {"path":"/home/yashwl/React_demo_app/blinkist-app/src/components/organisms/Header/headerO.stories.tsx","statementMap":{"0":{"start":{"line":10,"column":57},"end":{"line":10,"column":82}},"1":{"start":{"line":10,"column":63},"end":{"line":10,"column":82}},"2":{"start":{"line":12,"column":24},"end":{"line":12,"column":41}}},"fnMap":{"0":{"name":"(anonymous_0)","decl":{"start":{"line":10,"column":57},"end":{"line":10,"column":58}},"loc":{"start":{"line":10,"column":63},"end":{"line":10,"column":82}},"line":10}},"branchMap":{},"s":{"0":0,"1":0,"2":0},"f":{"0":0},"b":{}}
,"/home/yashwl/React_demo_app/blinkist-app/src/components/organisms/Header/headerO.tsx": {"path":"/home/yashwl/React_demo_app/blinkist-app/src/components/organisms/Header/headerO.tsx","statementMap":{"0":{"start":{"line":14,"column":22},"end":{"line":24,"column":2}},"1":{"start":{"line":26,"column":18},"end":{"line":82,"column":2}},"2":{"start":{"line":85,"column":31},"end":{"line":146,"column":1}},"3":{"start":{"line":87,"column":30},"end":{"line":87,"column":45}},"4":{"start":{"line":88,"column":30},"end":{"line":88,"column":45}},"5":{"start":{"line":90,"column":40},"end":{"line":92,"column":4}},"6":{"start":{"line":93,"column":40},"end":{"line":95,"column":4}},"7":{"start":{"line":97,"column":32},"end":{"line":105,"column":3}},"8":{"start":{"line":98,"column":4},"end":{"line":98,"column":51}},"9":{"start":{"line":100,"column":4},"end":{"line":104,"column":5}},"10":{"start":{"line":101,"column":6},"end":{"line":101,"column":54}},"11":{"start":{"line":103,"column":6},"end":{"line":103,"column":54}},"12":{"start":{"line":106,"column":32},"end":{"line":113,"column":3}},"13":{"start":{"line":107,"column":4},"end":{"line":107,"column":51}},"14":{"start":{"line":108,"column":4},"end":{"line":112,"column":5}},"15":{"start":{"line":109,"column":6},"end":{"line":109,"column":54}},"16":{"start":{"line":111,"column":6},"end":{"line":111,"column":54}},"17":{"start":{"line":115,"column":15},"end":{"line":115,"column":26}},"18":{"start":{"line":117,"column":17},"end":{"line":117,"column":30}},"19":{"start":{"line":119,"column":17},"end":{"line":121,"column":3}},"20":{"start":{"line":120,"column":4},"end":{"line":120,"column":17}},"21":{"start":{"line":122,"column":2},"end":{"line":145,"column":4}}},"fnMap":{"0":{"name":"(anonymous_0)","decl":{"start":{"line":85,"column":31},"end":{"line":85,"column":32}},"loc":{"start":{"line":85,"column":37},"end":{"line":146,"column":1}},"line":85},"1":{"name":"(anonymous_1)","decl":{"start":{"line":97,"column":32},"end":{"line":97,"column":33}},"loc":{"start":{"line":97,"column":38},"end":{"line":105,"column":3}},"line":97},"2":{"name":"(anonymous_2)","decl":{"start":{"line":106,"column":32},"end":{"line":106,"column":33}},"loc":{"start":{"line":106,"column":38},"end":{"line":113,"column":3}},"line":106},"3":{"name":"(anonymous_3)","decl":{"start":{"line":119,"column":17},"end":{"line":119,"column":18}},"loc":{"start":{"line":119,"column":23},"end":{"line":121,"column":3}},"line":119}},"branchMap":{"0":{"loc":{"start":{"line":98,"column":4},"end":{"line":98,"column":50}},"type":"cond-expr","locations":[{"start":{"line":98,"column":14},"end":{"line":98,"column":31}},{"start":{"line":98,"column":34},"end":{"line":98,"column":50}}],"line":98},"1":{"loc":{"start":{"line":100,"column":4},"end":{"line":104,"column":5}},"type":"if","locations":[{"start":{"line":100,"column":4},"end":{"line":104,"column":5}},{"start":{"line":102,"column":11},"end":{"line":104,"column":5}}],"line":100},"2":{"loc":{"start":{"line":107,"column":4},"end":{"line":107,"column":50}},"type":"cond-expr","locations":[{"start":{"line":107,"column":14},"end":{"line":107,"column":31}},{"start":{"line":107,"column":34},"end":{"line":107,"column":50}}],"line":107},"3":{"loc":{"start":{"line":108,"column":4},"end":{"line":112,"column":5}},"type":"if","locations":[{"start":{"line":108,"column":4},"end":{"line":112,"column":5}},{"start":{"line":110,"column":11},"end":{"line":112,"column":5}}],"line":108},"4":{"loc":{"start":{"line":139,"column":9},"end":{"line":139,"column":41}},"type":"cond-expr","locations":[{"start":{"line":139,"column":19},"end":{"line":139,"column":34}},{"start":{"line":139,"column":37},"end":{"line":139,"column":41}}],"line":139},"5":{"loc":{"start":{"line":141,"column":64},"end":{"line":141,"column":97}},"type":"cond-expr","locations":[{"start":{"line":141,"column":74},"end":{"line":141,"column":90}},{"start":{"line":141,"column":93},"end":{"line":141,"column":97}}],"line":141}},"s":{"0":4,"1":4,"2":4,"3":3,"4":3,"5":3,"6":3,"7":3,"8":0,"9":0,"10":0,"11":0,"12":3,"13":1,"14":1,"15":0,"16":1,"17":3,"18":3,"19":3,"20":0,"21":3},"f":{"0":3,"1":0,"2":1,"3":0},"b":{"0":[0,0],"1":[0,0],"2":[0,1],"3":[0,1],"4":[1,2],"5":[0,3]},"_coverageSchema":"1a1c01bbd47fc00a2c39e90264f33305004495a9","hash":"2fc92d2f7ef548fbb0d3e8f0de77b096e00cfb5d"}
,"/home/yashwl/React_demo_app/blinkist-app/src/components/organisms/Tabs/tabsO.stories.tsx": {"path":"/home/yashwl/React_demo_app/blinkist-app/src/components/organisms/Tabs/tabsO.stories.tsx","statementMap":{"0":{"start":{"line":9,"column":44},"end":{"line":9,"column":58}},"1":{"start":{"line":9,"column":50},"end":{"line":9,"column":58}},"2":{"start":{"line":11,"column":28},"end":{"line":11,"column":45}},"3":{"start":{"line":12,"column":0},"end":{"line":14,"column":1}}},"fnMap":{"0":{"name":"(anonymous_0)","decl":{"start":{"line":9,"column":44},"end":{"line":9,"column":45}},"loc":{"start":{"line":9,"column":50},"end":{"line":9,"column":58}},"line":9}},"branchMap":{},"s":{"0":0,"1":0,"2":0,"3":0},"f":{"0":0},"b":{}}
,"/home/yashwl/React_demo_app/blinkist-app/src/components/organisms/Tabs/tabsO.tsx": {"path":"/home/yashwl/React_demo_app/blinkist-app/src/components/organisms/Tabs/tabsO.tsx","statementMap":{"0":{"start":{"line":9,"column":20},"end":{"line":11,"column":2}},"1":{"start":{"line":13,"column":20},"end":{"line":15,"column":2}},"2":{"start":{"line":17,"column":18},"end":{"line":24,"column":2}},"3":{"start":{"line":26,"column":16},"end":{"line":37,"column":2}},"4":{"start":{"line":39,"column":20},"end":{"line":182,"column":1}},"5":{"start":{"line":40,"column":26},"end":{"line":40,"column":39}},"6":{"start":{"line":42,"column":21},"end":{"line":45,"column":3}},"7":{"start":{"line":44,"column":4},"end":{"line":44,"column":23}},"8":{"start":{"line":47,"column":28},"end":{"line":62,"column":4}},"9":{"start":{"line":64,"column":26},"end":{"line":64,"column":37}},"10":{"start":{"line":65,"column":19},"end":{"line":70,"column":3}},"11":{"start":{"line":66,"column":21},"end":{"line":66,"column":47}},"12":{"start":{"line":67,"column":17},"end":{"line":67,"column":30}},"13":{"start":{"line":68,"column":4},"end":{"line":68,"column":19}},"14":{"start":{"line":72,"column":23},"end":{"line":74,"column":3}},"15":{"start":{"line":73,"column":4},"end":{"line":73,"column":23}},"16":{"start":{"line":76,"column":2},"end":{"line":78,"column":14}},"17":{"start":{"line":77,"column":4},"end":{"line":77,"column":15}},"18":{"start":{"line":80,"column":15},"end":{"line":80,"column":26}},"19":{"start":{"line":82,"column":18},"end":{"line":82,"column":147}},"20":{"start":{"line":82,"column":39},"end":{"line":82,"column":62}},"21":{"start":{"line":83,"column":19},"end":{"line":83,"column":148}},"22":{"start":{"line":83,"column":40},"end":{"line":83,"column":62}},"23":{"start":{"line":85,"column":2},"end":{"line":181,"column":4}},"24":{"start":{"line":135,"column":40},"end":{"line":135,"column":63}},"25":{"start":{"line":137,"column":20},"end":{"line":150,"column":22}},"26":{"start":{"line":157,"column":40},"end":{"line":157,"column":62}},"27":{"start":{"line":159,"column":20},"end":{"line":173,"column":22}}},"fnMap":{"0":{"name":"(anonymous_0)","decl":{"start":{"line":39,"column":20},"end":{"line":39,"column":21}},"loc":{"start":{"line":39,"column":26},"end":{"line":182,"column":1}},"line":39},"1":{"name":"(anonymous_1)","decl":{"start":{"line":42,"column":21},"end":{"line":42,"column":22}},"loc":{"start":{"line":42,"column":72},"end":{"line":45,"column":3}},"line":42},"2":{"name":"(anonymous_2)","decl":{"start":{"line":65,"column":19},"end":{"line":65,"column":20}},"loc":{"start":{"line":65,"column":31},"end":{"line":70,"column":3}},"line":65},"3":{"name":"(anonymous_3)","decl":{"start":{"line":72,"column":23},"end":{"line":72,"column":24}},"loc":{"start":{"line":72,"column":29},"end":{"line":74,"column":3}},"line":72},"4":{"name":"(anonymous_4)","decl":{"start":{"line":76,"column":12},"end":{"line":76,"column":13}},"loc":{"start":{"line":76,"column":18},"end":{"line":78,"column":3}},"line":76},"5":{"name":"(anonymous_5)","decl":{"start":{"line":82,"column":31},"end":{"line":82,"column":32}},"loc":{"start":{"line":82,"column":39},"end":{"line":82,"column":62}},"line":82},"6":{"name":"(anonymous_6)","decl":{"start":{"line":83,"column":32},"end":{"line":83,"column":33}},"loc":{"start":{"line":83,"column":40},"end":{"line":83,"column":62}},"line":83},"7":{"name":"(anonymous_7)","decl":{"start":{"line":135,"column":30},"end":{"line":135,"column":31}},"loc":{"start":{"line":135,"column":40},"end":{"line":135,"column":63}},"line":135},"8":{"name":"(anonymous_8)","decl":{"start":{"line":136,"column":23},"end":{"line":136,"column":24}},"loc":{"start":{"line":136,"column":38},"end":{"line":151,"column":19}},"line":136},"9":{"name":"(anonymous_9)","decl":{"start":{"line":157,"column":30},"end":{"line":157,"column":31}},"loc":{"start":{"line":157,"column":40},"end":{"line":157,"column":62}},"line":157},"10":{"name":"(anonymous_10)","decl":{"start":{"line":158,"column":23},"end":{"line":158,"column":24}},"loc":{"start":{"line":158,"column":38},"end":{"line":174,"column":19}},"line":158}},"branchMap":{"0":{"loc":{"start":{"line":82,"column":18},"end":{"line":82,"column":147}},"type":"cond-expr","locations":[{"start":{"line":82,"column":79},"end":{"line":82,"column":141}},{"start":{"line":82,"column":143},"end":{"line":82,"column":147}}],"line":82},"1":{"loc":{"start":{"line":83,"column":19},"end":{"line":83,"column":148}},"type":"cond-expr","locations":[{"start":{"line":83,"column":79},"end":{"line":83,"column":142}},{"start":{"line":83,"column":144},"end":{"line":83,"column":148}}],"line":83}},"s":{"0":3,"1":3,"2":3,"3":3,"4":3,"5":2,"6":1,"7":0,"8":1,"9":1,"10":1,"11":1,"12":0,"13":0,"14":1,"15":0,"16":1,"17":1,"18":1,"19":1,"20":1,"21":1,"22":1,"23":1,"24":1,"25":1,"26":1,"27":0},"f":{"0":2,"1":0,"2":1,"3":0,"4":1,"5":1,"6":1,"7":1,"8":1,"9":1,"10":0},"b":{"0":[0,1],"1":[1,0]},"_coverageSchema":"1a1c01bbd47fc00a2c39e90264f33305004495a9","hash":"946993a1c3a1ef5b59826b1239bbb82fa5381581"}
,"/home/yashwl/React_demo_app/blinkist-app/src/components/organisms/searchbarfunction/searchbarfunction.tsx": {"path":"/home/yashwl/React_demo_app/blinkist-app/src/components/organisms/searchbarfunction/searchbarfunction.tsx","statementMap":{"0":{"start":{"line":7,"column":18},"end":{"line":37,"column":2}},"1":{"start":{"line":39,"column":18},"end":{"line":39,"column":29}},"2":{"start":{"line":40,"column":21},"end":{"line":42,"column":3}},"3":{"start":{"line":41,"column":4},"end":{"line":41,"column":19}},"4":{"start":{"line":44,"column":2},"end":{"line":58,"column":4}},"5":{"start":{"line":54,"column":25},"end":{"line":54,"column":51}}},"fnMap":{"0":{"name":"Find","decl":{"start":{"line":38,"column":24},"end":{"line":38,"column":28}},"loc":{"start":{"line":38,"column":56},"end":{"line":59,"column":1}},"line":38},"1":{"name":"(anonymous_1)","decl":{"start":{"line":40,"column":21},"end":{"line":40,"column":22}},"loc":{"start":{"line":40,"column":34},"end":{"line":42,"column":3}},"line":40},"2":{"name":"(anonymous_2)","decl":{"start":{"line":54,"column":16},"end":{"line":54,"column":17}},"loc":{"start":{"line":54,"column":25},"end":{"line":54,"column":51}},"line":54}},"branchMap":{},"s":{"0":3,"1":3,"2":3,"3":0,"4":3,"5":0},"f":{"0":3,"1":0,"2":0},"b":{},"_coverageSchema":"1a1c01bbd47fc00a2c39e90264f33305004495a9","hash":"1fd8cb30fef79c39cec8f771929bad8d13f2894d"}
,"/home/yashwl/React_demo_app/blinkist-app/src/components/templates/BookDetails/bookdetailsT.stories.tsx": {"path":"/home/yashwl/React_demo_app/blinkist-app/src/components/templates/BookDetails/bookdetailsT.stories.tsx","statementMap":{"0":{"start":{"line":14,"column":40},"end":{"line":14,"column":102}},"1":{"start":{"line":14,"column":48},"end":{"line":14,"column":102}},"2":{"start":{"line":16,"column":35},"end":{"line":16,"column":52}},"3":{"start":{"line":17,"column":0},"end":{"line":21,"column":1}}},"fnMap":{"0":{"name":"(anonymous_0)","decl":{"start":{"line":14,"column":40},"end":{"line":14,"column":41}},"loc":{"start":{"line":14,"column":48},"end":{"line":14,"column":102}},"line":14}},"branchMap":{},"s":{"0":0,"1":0,"2":0,"3":0},"f":{"0":0},"b":{}}
,"/home/yashwl/React_demo_app/blinkist-app/src/components/templates/BookDetails/bookdetailsT.tsx": {"path":"/home/yashwl/React_demo_app/blinkist-app/src/components/templates/BookDetails/bookdetailsT.tsx","statementMap":{"0":{"start":{"line":9,"column":20},"end":{"line":15,"column":2}},"1":{"start":{"line":17,"column":22},"end":{"line":20,"column":2}},"2":{"start":{"line":21,"column":12},"end":{"line":27,"column":2}},"3":{"start":{"line":28,"column":11},"end":{"line":30,"column":2}},"4":{"start":{"line":32,"column":27},"end":{"line":45,"column":1}},"5":{"start":{"line":33,"column":33},"end":{"line":33,"column":38}},"6":{"start":{"line":34,"column":2},"end":{"line":44,"column":4}}},"fnMap":{"0":{"name":"(anonymous_0)","decl":{"start":{"line":32,"column":27},"end":{"line":32,"column":28}},"loc":{"start":{"line":32,"column":56},"end":{"line":45,"column":1}},"line":32}},"branchMap":{},"s":{"0":2,"1":2,"2":2,"3":2,"4":2,"5":1,"6":1},"f":{"0":1},"b":{},"_coverageSchema":"1a1c01bbd47fc00a2c39e90264f33305004495a9","hash":"2b2c836ee97d784ad8fc10d9f654cada913b91a1"}
,"/home/yashwl/React_demo_app/blinkist-app/src/components/templates/EntrepreneurshipCategory/enterprT.stories.tsx": {"path":"/home/yashwl/React_demo_app/blinkist-app/src/components/templates/EntrepreneurshipCategory/enterprT.stories.tsx","statementMap":{"0":{"start":{"line":16,"column":45},"end":{"line":16,"column":112}},"1":{"start":{"line":16,"column":53},"end":{"line":16,"column":112}},"2":{"start":{"line":18,"column":36},"end":{"line":18,"column":53}},"3":{"start":{"line":19,"column":0},"end":{"line":26,"column":1}}},"fnMap":{"0":{"name":"(anonymous_0)","decl":{"start":{"line":16,"column":45},"end":{"line":16,"column":46}},"loc":{"start":{"line":16,"column":53},"end":{"line":16,"column":112}},"line":16}},"branchMap":{},"s":{"0":0,"1":0,"2":0,"3":0},"f":{"0":0},"b":{}}
,"/home/yashwl/React_demo_app/blinkist-app/src/components/templates/EntrepreneurshipCategory/enterprT.tsx": {"path":"/home/yashwl/React_demo_app/blinkist-app/src/components/templates/EntrepreneurshipCategory/enterprT.tsx","statementMap":{"0":{"start":{"line":13,"column":20},"end":{"line":19,"column":2}},"1":{"start":{"line":22,"column":22},"end":{"line":26,"column":2}},"2":{"start":{"line":28,"column":21},"end":{"line":32,"column":2}},"3":{"start":{"line":34,"column":22},"end":{"line":38,"column":2}},"4":{"start":{"line":40,"column":21},"end":{"line":44,"column":2}},"5":{"start":{"line":46,"column":13},"end":{"line":49,"column":2}},"6":{"start":{"line":50,"column":11},"end":{"line":53,"column":2}},"7":{"start":{"line":54,"column":32},"end":{"line":84,"column":1}},"8":{"start":{"line":55,"column":89},"end":{"line":55,"column":94}},"9":{"start":{"line":56,"column":4},"end":{"line":83,"column":5}}},"fnMap":{"0":{"name":"(anonymous_0)","decl":{"start":{"line":54,"column":32},"end":{"line":54,"column":33}},"loc":{"start":{"line":54,"column":66},"end":{"line":84,"column":1}},"line":54}},"branchMap":{},"s":{"0":2,"1":2,"2":2,"3":2,"4":2,"5":2,"6":2,"7":2,"8":1,"9":1},"f":{"0":1},"b":{},"_coverageSchema":"1a1c01bbd47fc00a2c39e90264f33305004495a9","hash":"570bfdaed0e4dbb67e451334cbf4a3866fa882d1"}
,"/home/yashwl/React_demo_app/blinkist-app/src/components/templates/MyLibrary/mylibT.stories.tsx": {"path":"/home/yashwl/React_demo_app/blinkist-app/src/components/templates/MyLibrary/mylibT.stories.tsx","statementMap":{"0":{"start":{"line":14,"column":38},"end":{"line":14,"column":98}},"1":{"start":{"line":14,"column":46},"end":{"line":14,"column":98}},"2":{"start":{"line":16,"column":29},"end":{"line":16,"column":46}},"3":{"start":{"line":17,"column":0},"end":{"line":21,"column":1}}},"fnMap":{"0":{"name":"(anonymous_0)","decl":{"start":{"line":14,"column":38},"end":{"line":14,"column":39}},"loc":{"start":{"line":14,"column":46},"end":{"line":14,"column":98}},"line":14}},"branchMap":{},"s":{"0":0,"1":0,"2":0,"3":0},"f":{"0":0},"b":{}}
,"/home/yashwl/React_demo_app/blinkist-app/src/components/templates/MyLibrary/mylibT.tsx": {"path":"/home/yashwl/React_demo_app/blinkist-app/src/components/templates/MyLibrary/mylibT.tsx","statementMap":{"0":{"start":{"line":11,"column":16},"end":{"line":19,"column":2}},"1":{"start":{"line":21,"column":25},"end":{"line":37,"column":1}},"2":{"start":{"line":22,"column":33},"end":{"line":22,"column":38}},"3":{"start":{"line":23,"column":17},"end":{"line":23,"column":28}},"4":{"start":{"line":24,"column":4},"end":{"line":36,"column":5}}},"fnMap":{"0":{"name":"(anonymous_0)","decl":{"start":{"line":21,"column":25},"end":{"line":21,"column":26}},"loc":{"start":{"line":21,"column":52},"end":{"line":37,"column":1}},"line":21}},"branchMap":{},"s":{"0":2,"1":2,"2":0,"3":0,"4":0},"f":{"0":0},"b":{},"_coverageSchema":"1a1c01bbd47fc00a2c39e90264f33305004495a9","hash":"5ebed1fa79bcdc02651d497bce118c0eab901960"}
,"/home/yashwl/React_demo_app/blinkist-app/src/components/themes/theme.tsx": {"path":"/home/yashwl/React_demo_app/blinkist-app/src/components/themes/theme.tsx","statementMap":{"0":{"start":{"line":3,"column":14},"end":{"line":75,"column":2}}},"fnMap":{},"branchMap":{},"s":{"0":13},"f":{},"b":{},"_coverageSchema":"1a1c01bbd47fc00a2c39e90264f33305004495a9","hash":"b045db6c799444fa4a23c0cc388165614a345f2a"}
,"/home/yashwl/React_demo_app/blinkist-app/src/data/Constants.tsx": {"path":"/home/yashwl/React_demo_app/blinkist-app/src/data/Constants.tsx","statementMap":{"0":{"start":{"line":1,"column":25},"end":{"line":20,"column":3}}},"fnMap":{},"branchMap":{},"s":{"0":6},"f":{},"b":{},"_coverageSchema":"1a1c01bbd47fc00a2c39e90264f33305004495a9","hash":"4faf15b0849d89992174f87178b44416948dab96"}
,"/home/yashwl/React_demo_app/blinkist-app/src/data/ExtendedNavData.tsx": {"path":"/home/yashwl/React_demo_app/blinkist-app/src/data/ExtendedNavData.tsx","statementMap":{"0":{"start":{"line":20,"column":24},"end":{"line":93,"column":1}}},"fnMap":{},"branchMap":{},"s":{"0":5},"f":{},"b":{},"_coverageSchema":"1a1c01bbd47fc00a2c39e90264f33305004495a9","hash":"9770cdcc0ffaf8b392b380622dc2ee370da5a61a"}
,"/home/yashwl/React_demo_app/blinkist-app/src/data/FooterNavData.tsx": {"path":"/home/yashwl/React_demo_app/blinkist-app/src/data/FooterNavData.tsx","statementMap":{"0":{"start":{"line":1,"column":29},"end":{"line":32,"column":1}}},"fnMap":{},"branchMap":{},"s":{"0":5},"f":{},"b":{},"_coverageSchema":"1a1c01bbd47fc00a2c39e90264f33305004495a9","hash":"5cd6c11128b2f044e4d1c67bc37d4ddd99a4d2ad"}
,"/home/yashwl/React_demo_app/blinkist-app/src/data/Library.tsx": {"path":"/home/yashwl/React_demo_app/blinkist-app/src/data/Library.tsx","statementMap":{"0":{"start":{"line":13,"column":16},"end":{"line":168,"column":1}}},"fnMap":{},"branchMap":{},"s":{"0":3},"f":{},"b":{},"_coverageSchema":"1a1c01bbd47fc00a2c39e90264f33305004495a9","hash":"c705ce27752a938ed896074ee9e2278248fa047b"}
,"/home/yashwl/React_demo_app/blinkist-app/src/pages/BookDetails/bookdetailsP.tsx": {"path":"/home/yashwl/React_demo_app/blinkist-app/src/pages/BookDetails/bookdetailsP.tsx","statementMap":{"0":{"start":{"line":6,"column":24},"end":{"line":12,"column":1}},"1":{"start":{"line":7,"column":4},"end":{"line":11,"column":5}}},"fnMap":{"0":{"name":"(anonymous_0)","decl":{"start":{"line":6,"column":24},"end":{"line":6,"column":25}},"loc":{"start":{"line":6,"column":30},"end":{"line":12,"column":1}},"line":6}},"branchMap":{},"s":{"0":1,"1":0},"f":{"0":0},"b":{},"_coverageSchema":"1a1c01bbd47fc00a2c39e90264f33305004495a9","hash":"8a407927220808e8e35cf50de880f2e27410ab21"}
,"/home/yashwl/React_demo_app/blinkist-app/src/pages/Entrepreneurship/enterpreneurshipP.tsx": {"path":"/home/yashwl/React_demo_app/blinkist-app/src/pages/Entrepreneurship/enterpreneurshipP.tsx","statementMap":{"0":{"start":{"line":11,"column":29},"end":{"line":37,"column":1}},"1":{"start":{"line":12,"column":30},"end":{"line":12,"column":42}},"2":{"start":{"line":13,"column":4},"end":{"line":36,"column":5}}},"fnMap":{"0":{"name":"(anonymous_0)","decl":{"start":{"line":11,"column":29},"end":{"line":11,"column":30}},"loc":{"start":{"line":11,"column":35},"end":{"line":37,"column":1}},"line":11}},"branchMap":{},"s":{"0":1,"1":0,"2":0},"f":{"0":0},"b":{},"_coverageSchema":"1a1c01bbd47fc00a2c39e90264f33305004495a9","hash":"c636e22d55fcf99a28c0b9644d2a37d9f5bf2450"}
,"/home/yashwl/React_demo_app/blinkist-app/src/pages/MyLibrary/mylibP.tsx": {"path":"/home/yashwl/React_demo_app/blinkist-app/src/pages/MyLibrary/mylibP.tsx","statementMap":{"0":{"start":{"line":6,"column":20},"end":{"line":15,"column":1}},"1":{"start":{"line":7,"column":4},"end":{"line":14,"column":5}}},"fnMap":{"0":{"name":"(anonymous_0)","decl":{"start":{"line":6,"column":20},"end":{"line":6,"column":21}},"loc":{"start":{"line":6,"column":26},"end":{"line":15,"column":1}},"line":6}},"branchMap":{},"s":{"0":1,"1":0},"f":{"0":0},"b":{},"_coverageSchema":"1a1c01bbd47fc00a2c39e90264f33305004495a9","hash":"6b3df8a594a778b99416f4886ca801f187a8e9c5"}
}
