TN:
SF:src/components/organisms/BookCategories/bookcatO.tsx
FN:43,(anonymous_0)
FN:55,(anonymous_1)
FN:57,(anonymous_2)
FN:61,(anonymous_3)
FN:66,(anonymous_4)
FN:71,(anonymous_5)
FN:86,(anonymous_6)
FNF:7
FNH:7
FNDA:14,(anonymous_0)
FNDA:7,(anonymous_1)
FNDA:22,(anonymous_2)
FNDA:33,(anonymous_3)
FNDA:22,(anonymous_4)
FNDA:7,(anonymous_5)
FNDA:107,(anonymous_6)
DA:27,3
DA:35,3
DA:43,3
DA:44,14
DA:45,14
DA:46,14
DA:47,14
DA:48,14
DA:50,14
DA:55,14
DA:56,7
DA:57,22
DA:58,2
DA:60,5
DA:61,33
DA:62,3
DA:65,2
DA:66,22
DA:67,2
DA:71,14
DA:72,7
DA:73,3
DA:74,4
DA:75,2
DA:77,2
DA:81,14
DA:87,107
DA:88,45
DA:103,62
DA:105,45
LF:30
LH:30
BRDA:56,0,0,2
BRDA:56,0,1,5
BRDA:60,1,0,3
BRDA:60,1,1,2
BRDA:65,2,0,2
BRDA:65,2,1,0
BRDA:72,3,0,3
BRDA:72,3,1,4
BRDA:74,4,0,2
BRDA:74,4,1,2
BRDA:87,5,0,45
BRDA:87,5,1,62
BRDA:103,6,0,45
BRDA:103,6,1,17
BRDA:103,7,0,62
BRDA:103,7,1,17
BRF:16
BRH:15
end_of_record
TN:
SF:src/components/organisms/BookDescription/bookdescO.tsx
FN:72,(anonymous_0)
FN:89,(anonymous_1)
FN:130,(anonymous_2)
FNF:3
FNH:1
FNDA:2,(anonymous_0)
FNDA:0,(anonymous_1)
FNDA:0,(anonymous_2)
DA:18,3
DA:27,3
DA:33,3
DA:38,3
DA:46,3
DA:52,3
DA:60,3
DA:65,3
DA:72,3
DA:73,2
DA:88,2
DA:89,2
DA:90,0
DA:93,2
DA:130,0
LF:15
LH:13
BRF:0
BRH:0
end_of_record
TN:
SF:src/components/organisms/Card/cardO.stories.tsx
FN:12,(anonymous_0)
FNF:1
FNH:0
FNDA:0,(anonymous_0)
DA:12,0
DA:14,0
DA:15,0
LF:3
LH:0
BRF:0
BRH:0
end_of_record
TN:
SF:src/components/organisms/Card/cardO.tsx
FN:173,(anonymous_0)
FN:193,(anonymous_1)
FN:200,(anonymous_2)
FN:204,(anonymous_3)
FN:206,(anonymous_4)
FN:216,(anonymous_5)
FN:227,(anonymous_6)
FN:240,(anonymous_7)
FN:279,(anonymous_8)
FN:290,(anonymous_9)
FN:300,(anonymous_10)
FNF:11
FNH:3
FNDA:97,(anonymous_0)
FNDA:0,(anonymous_1)
FNDA:0,(anonymous_2)
FNDA:93,(anonymous_3)
FNDA:93,(anonymous_4)
FNDA:0,(anonymous_5)
FNDA:0,(anonymous_6)
FNDA:0,(anonymous_7)
FNDA:0,(anonymous_8)
FNDA:0,(anonymous_9)
FNDA:0,(anonymous_10)
DA:16,6
DA:24,6
DA:29,6
DA:37,6
DA:47,6
DA:55,6
DA:63,6
DA:67,6
DA:74,6
DA:173,6
DA:174,97
DA:175,95
DA:177,95
DA:179,95
DA:193,95
DA:194,0
DA:200,95
DA:201,0
DA:204,95
DA:206,93
DA:207,93
DA:208,91
DA:209,0
DA:210,0
DA:212,93
DA:216,95
DA:219,0
DA:224,0
DA:227,95
DA:228,0
DA:229,0
DA:232,0
DA:236,0
DA:239,95
DA:240,95
DA:241,0
DA:244,95
DA:279,0
DA:290,0
DA:300,0
LF:40
LH:26
BRDA:207,0,0,91
BRDA:207,0,1,2
BRDA:207,1,0,93
BRDA:207,1,1,91
BRDA:228,2,0,0
BRDA:228,2,1,0
BRDA:265,3,0,2
BRDA:265,3,1,93
BRDA:270,4,0,50
BRDA:270,4,1,45
BRDA:276,5,0,2
BRDA:276,5,1,93
BRDA:289,6,0,1
BRDA:289,6,1,94
BRDA:298,7,0,91
BRDA:298,7,1,4
BRF:16
BRH:14
end_of_record
TN:
SF:src/components/organisms/ExtendedNav/extendednavO.tsx
FN:76,(anonymous_0)
FN:80,(anonymous_1)
FN:94,(anonymous_2)
FNF:3
FNH:3
FNDA:5,(anonymous_0)
FNDA:1,(anonymous_1)
FNDA:90,(anonymous_2)
DA:8,5
DA:17,5
DA:76,5
DA:77,5
DA:79,5
DA:80,5
DA:81,1
DA:85,5
DA:95,90
LF:9
LH:9
BRF:0
BRH:0
end_of_record
TN:
SF:src/components/organisms/Footer/footerO.tsx
FN:65,(anonymous_0)
FNF:1
FNH:1
FNDA:3,(anonymous_0)
DA:9,4
DA:17,4
DA:24,4
DA:35,4
DA:42,4
DA:55,4
DA:65,4
DA:66,3
DA:68,3
LF:9
LH:9
BRF:0
BRH:0
end_of_record
TN:
SF:src/components/organisms/Header/headerO.tsx
FN:85,(anonymous_0)
FN:97,(anonymous_1)
FN:106,(anonymous_2)
FN:119,(anonymous_3)
FNF:4
FNH:2
FNDA:3,(anonymous_0)
FNDA:0,(anonymous_1)
FNDA:1,(anonymous_2)
FNDA:0,(anonymous_3)
DA:14,4
DA:26,4
DA:85,4
DA:87,3
DA:88,3
DA:90,3
DA:93,3
DA:97,3
DA:98,0
DA:100,0
DA:101,0
DA:103,0
DA:106,3
DA:107,1
DA:108,1
DA:109,0
DA:111,1
DA:115,3
DA:117,3
DA:119,3
DA:120,0
DA:122,3
LF:22
LH:16
BRDA:98,0,0,0
BRDA:98,0,1,0
BRDA:100,1,0,0
BRDA:100,1,1,0
BRDA:107,2,0,0
BRDA:107,2,1,1
BRDA:108,3,0,0
BRDA:108,3,1,1
BRDA:139,4,0,1
BRDA:139,4,1,2
BRDA:141,5,0,0
BRDA:141,5,1,3
BRF:12
BRH:5
end_of_record
TN:
SF:src/components/organisms/Tabs/tabsO.tsx
FN:39,(anonymous_0)
FN:42,(anonymous_1)
FN:65,(anonymous_2)
FN:72,(anonymous_3)
FN:76,(anonymous_4)
FN:82,(anonymous_5)
FN:83,(anonymous_6)
FN:135,(anonymous_7)
FN:136,(anonymous_8)
FN:157,(anonymous_9)
FN:158,(anonymous_10)
FNF:11
FNH:8
FNDA:2,(anonymous_0)
FNDA:0,(anonymous_1)
FNDA:1,(anonymous_2)
FNDA:0,(anonymous_3)
FNDA:1,(anonymous_4)
FNDA:1,(anonymous_5)
FNDA:1,(anonymous_6)
FNDA:1,(anonymous_7)
FNDA:1,(anonymous_8)
FNDA:1,(anonymous_9)
FNDA:0,(anonymous_10)
DA:9,3
DA:13,3
DA:17,3
DA:26,3
DA:39,3
DA:40,2
DA:42,1
DA:44,0
DA:47,1
DA:64,1
DA:65,1
DA:66,1
DA:67,0
DA:68,0
DA:72,1
DA:73,0
DA:76,1
DA:77,1
DA:80,1
DA:82,1
DA:83,1
DA:85,1
DA:135,1
DA:137,1
DA:157,1
DA:159,0
LF:26
LH:21
BRDA:82,0,0,0
BRDA:82,0,1,1
BRDA:83,1,0,1
BRDA:83,1,1,0
BRF:4
BRH:2
end_of_record
TN:
SF:src/components/organisms/searchbarfunction/searchbarfunction.tsx
FN:38,Find
FN:41,(anonymous_1)
FN:55,(anonymous_2)
FNF:3
FNH:1
FNDA:3,Find
FNDA:0,(anonymous_1)
FNDA:0,(anonymous_2)
DA:7,3
DA:39,3
DA:41,3
DA:42,0
DA:45,3
DA:55,0
LF:6
LH:4
BRF:0
BRH:0
end_of_record
TN:
SF:src/pages/Entrepreneurship/enterpreneurshipP.tsx
FN:11,(anonymous_0)
FNF:1
FNH:0
FNDA:0,(anonymous_0)
DA:11,1
DA:12,0
DA:13,0
LF:3
LH:1
BRF:0
BRH:0
end_of_record
