TN:
SF:src/App.tsx
FN:6,App
FNF:1
FNH:1
FNDA:1,App
DA:7,1
DA:8,1
DA:10,1
DA:12,0
LF:4
LH:3
BRDA:8,0,0,1
BRDA:8,0,1,0
BRDA:14,1,0,0
BRDA:14,1,1,0
BRDA:15,2,0,0
BRDA:15,2,1,0
BRF:6
BRH:1
end_of_record
TN:
SF:src/index.tsx
FNF:0
FNH:0
DA:8,0
DA:9,0
DA:11,0
DA:14,0
DA:25,0
LF:5
LH:0
BRF:0
BRH:0
end_of_record
TN:
SF:src/loginbutton.tsx
FN:26,(anonymous_0)
FN:52,(anonymous_1)
FNF:2
FNH:0
FNDA:0,(anonymous_0)
FNDA:0,(anonymous_1)
DA:7,1
DA:15,1
DA:26,1
DA:27,0
DA:28,0
DA:29,0
DA:52,0
LF:7
LH:3
BRF:0
BRH:0
end_of_record
TN:
SF:src/logout.tsx
FN:16,(anonymous_0)
FN:22,(anonymous_1)
FNF:2
FNH:0
FNDA:0,(anonymous_0)
FNDA:0,(anonymous_1)
DA:6,4
DA:16,4
DA:17,0
DA:18,0
DA:19,0
DA:22,0
LF:6
LH:2
BRDA:21,0,0,0
BRDA:21,0,1,0
BRF:2
BRH:0
end_of_record
TN:
SF:src/reportWebVitals.ts
FN:3,(anonymous_0)
FN:5,(anonymous_1)
FNF:2
FNH:0
FNDA:0,(anonymous_0)
FNDA:0,(anonymous_1)
DA:3,0
DA:4,0
DA:5,0
DA:6,0
DA:7,0
DA:8,0
DA:9,0
DA:10,0
LF:8
LH:0
BRDA:4,0,0,0
BRDA:4,0,1,0
BRDA:4,1,0,0
BRDA:4,1,1,0
BRF:4
BRH:0
end_of_record
TN:
SF:src/router.tsx
FN:7,App
FNF:1
FNH:0
FNDA:0,App
DA:9,0
LF:1
LH:0
BRF:0
BRH:0
end_of_record
TN:
SF:src/api/api.tsx
FNF:0
FNH:0
LF:0
LH:0
BRF:0
BRH:0
end_of_record
TN:
SF:src/components/atoms/Button/buttonA.stories.tsx
FN:11,(anonymous_0)
FNF:1
FNH:0
FNDA:0,(anonymous_0)
DA:11,0
DA:13,0
DA:14,0
DA:24,0
DA:25,0
DA:35,0
DA:36,0
DA:48,0
DA:49,0
DA:61,0
DA:62,0
LF:11
LH:0
BRF:0
BRH:0
end_of_record
TN:
SF:src/components/atoms/Button/buttonA.tsx
FN:17,(anonymous_0)
FNF:1
FNH:1
FNDA:100,(anonymous_0)
DA:17,9
DA:18,100
DA:19,100
LF:3
LH:3
BRF:0
BRH:0
end_of_record
TN:
SF:src/components/atoms/Icon/iconA.stories.tsx
FN:10,(anonymous_0)
FNF:1
FNH:0
FNDA:0,(anonymous_0)
DA:10,0
DA:12,0
DA:13,0
LF:3
LH:0
BRF:0
BRH:0
end_of_record
TN:
SF:src/components/atoms/Icon/iconA.tsx
FN:10,(anonymous_0)
FNF:1
FNH:1
FNDA:18,(anonymous_0)
DA:10,7
DA:11,18
DA:12,18
LF:3
LH:3
BRF:0
BRH:0
end_of_record
TN:
SF:src/components/atoms/IconButton/iconbuttonA.stories.tsx
FN:12,(anonymous_0)
FNF:1
FNH:0
FNDA:0,(anonymous_0)
DA:12,0
DA:13,0
DA:16,0
DA:17,0
DA:21,0
DA:22,0
LF:6
LH:0
BRF:0
BRH:0
end_of_record
TN:
SF:src/components/atoms/IconButton/iconbuttonA.tsx
FN:11,(anonymous_0)
FNF:1
FNH:1
FNDA:235,(anonymous_0)
DA:11,12
DA:12,235
DA:13,235
LF:3
LH:3
BRF:0
BRH:0
end_of_record
TN:
SF:src/components/atoms/progressbar/progressbarA.stories.tsx
FN:8,(anonymous_0)
FNF:1
FNH:0
FNDA:0,(anonymous_0)
DA:8,0
DA:9,0
DA:11,0
DA:12,0
LF:4
LH:0
BRF:0
BRH:0
end_of_record
TN:
SF:src/components/atoms/progressbar/progressbarA.tsx
FN:7,ProgressBar
FNF:1
FNH:1
FNDA:4,ProgressBar
DA:8,4
DA:20,4
DA:22,4
DA:32,4
LF:4
LH:4
BRDA:20,0,0,4
BRDA:20,0,1,0
BRDA:20,1,0,4
BRDA:20,1,1,4
BRF:4
BRH:3
end_of_record
TN:
SF:src/components/molecules/Banner/bannerM.stories.tsx
FN:9,(anonymous_0)
FNF:1
FNH:0
FNDA:0,(anonymous_0)
DA:9,0
DA:11,0
DA:12,0
LF:3
LH:0
BRF:0
BRH:0
end_of_record
TN:
SF:src/components/molecules/Banner/bannerM.tsx
FN:50,(anonymous_0)
FNF:1
FNH:1
FNDA:3,(anonymous_0)
DA:6,3
DA:14,3
DA:26,3
DA:33,3
DA:42,3
DA:50,3
DA:51,3
LF:7
LH:7
BRF:0
BRH:0
end_of_record
TN:
SF:src/components/molecules/Dropdown/dropdownM.stories.tsx
FN:9,(anonymous_0)
FNF:1
FNH:0
FNDA:0,(anonymous_0)
DA:9,0
DA:11,0
DA:12,0
DA:16,0
DA:17,0
LF:5
LH:0
BRF:0
BRH:0
end_of_record
TN:
SF:src/components/molecules/Dropdown/dropdownM.tsx
FN:40,(anonymous_0)
FNF:1
FNH:1
FNDA:8,(anonymous_0)
DA:7,5
DA:40,5
DA:41,8
DA:42,8
DA:43,8
LF:5
LH:5
BRDA:46,0,0,4
BRDA:46,0,1,4
BRF:2
BRH:2
end_of_record
TN:
SF:src/components/molecules/FooterNav/footernavM.stories.tsx
FN:10,(anonymous_0)
FNF:1
FNH:0
FNDA:0,(anonymous_0)
DA:10,0
DA:12,0
DA:13,0
LF:3
LH:0
BRF:0
BRH:0
end_of_record
TN:
SF:src/components/molecules/FooterNav/footernavM.tsx
FN:19,(anonymous_0)
FN:25,(anonymous_1)
FNF:2
FNH:2
FNDA:14,(anonymous_0)
FNDA:52,(anonymous_1)
DA:4,5
DA:10,5
DA:19,5
DA:20,14
DA:22,14
DA:26,52
LF:6
LH:6
BRF:0
BRH:0
end_of_record
TN:
SF:src/components/molecules/IconAndText/iconandtextM.stories.tsx
FN:12,(anonymous_0)
FNF:1
FNH:0
FNDA:0,(anonymous_0)
DA:12,0
DA:14,0
DA:15,0
DA:21,0
DA:22,0
DA:28,0
DA:29,0
LF:7
LH:0
BRF:0
BRH:0
end_of_record
TN:
SF:src/components/molecules/IconAndText/iconandtextM.tsx
FN:36,(anonymous_0)
FNF:1
FNH:1
FNDA:233,(anonymous_0)
DA:26,11
DA:36,11
DA:37,233
DA:38,233
DA:39,233
LF:5
LH:5
BRF:0
BRH:0
end_of_record
TN:
SF:src/components/molecules/SearchBar/searchbarM.stories.tsx
FN:9,(anonymous_0)
FNF:1
FNH:0
FNDA:0,(anonymous_0)
DA:9,0
DA:11,0
LF:2
LH:0
BRF:0
BRH:0
end_of_record
TN:
SF:src/components/molecules/SearchBar/searchbarM.tsx
FN:38,(anonymous_0)
FN:52,(anonymous_1)
FNF:2
FNH:2
FNDA:2,(anonymous_0)
FNDA:1,(anonymous_1)
DA:8,1
DA:38,1
DA:39,2
DA:40,2
DA:42,2
DA:52,1
LF:6
LH:6
BRF:0
BRH:0
end_of_record
TN:
SF:src/components/molecules/Tabs/tabsM.stories.tsx
FN:9,(anonymous_0)
FNF:1
FNH:0
FNDA:0,(anonymous_0)
DA:9,0
DA:11,0
DA:12,0
LF:3
LH:0
BRF:0
BRH:0
end_of_record
TN:
SF:src/components/molecules/Tabs/tabsM.tsx
FN:6,(anonymous_0)
FN:12,(anonymous_1)
FN:15,(anonymous_2)
FNF:3
FNH:2
FNDA:1,(anonymous_0)
FNDA:1,(anonymous_1)
FNDA:0,(anonymous_2)
DA:6,1
DA:12,1
DA:13,1
DA:14,1
DA:15,1
DA:16,0
DA:17,0
DA:20,1
DA:22,1
LF:9
LH:7
BRF:0
BRH:0
end_of_record
TN:
SF:src/components/organisms/AboutBook/aboutbookO.stories.tsx
FN:9,(anonymous_0)
FNF:1
FNH:0
FNDA:0,(anonymous_0)
DA:9,0
DA:11,0
DA:12,0
LF:3
LH:0
BRF:0
BRH:0
end_of_record
TN:
SF:src/components/organisms/AboutBook/aboutbookO.tsx
FN:45,(anonymous_0)
FN:47,(anonymous_1)
FNF:2
FNH:1
FNDA:3,(anonymous_0)
FNDA:0,(anonymous_1)
DA:10,4
DA:40,4
DA:45,4
DA:46,3
DA:47,3
DA:48,0
DA:52,3
DA:54,3
LF:8
LH:7
BRF:0
BRH:0
end_of_record
TN:
SF:src/components/organisms/BookCategories/bookcatO.stories.tsx
FN:12,(anonymous_0)
FNF:1
FNH:0
FNDA:0,(anonymous_0)
DA:12,0
DA:15,0
DA:16,0
DA:22,0
DA:23,0
DA:29,0
DA:30,0
LF:7
LH:0
BRF:0
BRH:0
end_of_record
TN:
SF:src/components/organisms/BookCategories/bookcatO.tsx
FN:43,(anonymous_0)
FN:52,(anonymous_1)
FN:54,(anonymous_2)
FN:58,(anonymous_3)
FN:63,(anonymous_4)
FN:68,(anonymous_5)
FN:83,(anonymous_6)
FNF:7
FNH:7
FNDA:14,(anonymous_0)
FNDA:7,(anonymous_1)
FNDA:22,(anonymous_2)
FNDA:33,(anonymous_3)
FNDA:22,(anonymous_4)
FNDA:7,(anonymous_5)
FNDA:107,(anonymous_6)
DA:27,3
DA:35,3
DA:43,3
DA:44,14
DA:45,14
DA:46,14
DA:47,14
DA:48,14
DA:50,14
DA:52,14
DA:53,7
DA:54,22
DA:55,2
DA:57,5
DA:58,33
DA:59,3
DA:62,2
DA:63,22
DA:64,2
DA:68,14
DA:69,7
DA:70,3
DA:71,4
DA:72,2
DA:74,2
DA:78,14
DA:84,107
DA:85,45
DA:100,62
DA:102,45
LF:30
LH:30
BRDA:53,0,0,2
BRDA:53,0,1,5
BRDA:57,1,0,3
BRDA:57,1,1,2
BRDA:62,2,0,2
BRDA:62,2,1,0
BRDA:69,3,0,3
BRDA:69,3,1,4
BRDA:71,4,0,2
BRDA:71,4,1,2
BRDA:84,5,0,45
BRDA:84,5,1,62
BRDA:100,6,0,45
BRDA:100,6,1,17
BRDA:100,7,0,62
BRDA:100,7,1,17
BRF:16
BRH:15
end_of_record
TN:
SF:src/components/organisms/BookDescription/bookdescO.stories.tsx
FN:10,(anonymous_0)
FNF:1
FNH:0
FNDA:0,(anonymous_0)
DA:10,0
DA:12,0
LF:2
LH:0
BRF:0
BRH:0
end_of_record
TN:
SF:src/components/organisms/BookDescription/bookdescO.tsx
FN:71,(anonymous_0)
FN:88,(anonymous_1)
FN:129,(anonymous_2)
FNF:3
FNH:1
FNDA:2,(anonymous_0)
FNDA:0,(anonymous_1)
FNDA:0,(anonymous_2)
DA:17,3
DA:26,3
DA:32,3
DA:37,3
DA:45,3
DA:51,3
DA:59,3
DA:64,3
DA:71,3
DA:72,2
DA:87,2
DA:88,2
DA:89,0
DA:92,2
DA:129,0
LF:15
LH:13
BRF:0
BRH:0
end_of_record
TN:
SF:src/components/organisms/Card/cardO.stories.tsx
FN:12,(anonymous_0)
FNF:1
FNH:0
FNDA:0,(anonymous_0)
DA:12,0
DA:14,0
DA:15,0
LF:3
LH:0
BRF:0
BRH:0
end_of_record
TN:
SF:src/components/organisms/Card/cardO.tsx
FN:173,(anonymous_0)
FN:193,(anonymous_1)
FN:200,(anonymous_2)
FN:204,(anonymous_3)
FN:206,(anonymous_4)
FN:216,(anonymous_5)
FN:222,(anonymous_6)
FN:235,(anonymous_7)
FN:274,(anonymous_8)
FN:285,(anonymous_9)
FN:295,(anonymous_10)
FNF:11
FNH:3
FNDA:97,(anonymous_0)
FNDA:0,(anonymous_1)
FNDA:0,(anonymous_2)
FNDA:93,(anonymous_3)
FNDA:93,(anonymous_4)
FNDA:0,(anonymous_5)
FNDA:0,(anonymous_6)
FNDA:0,(anonymous_7)
FNDA:0,(anonymous_8)
FNDA:0,(anonymous_9)
FNDA:0,(anonymous_10)
DA:16,6
DA:24,6
DA:29,6
DA:37,6
DA:47,6
DA:55,6
DA:63,6
DA:67,6
DA:74,6
DA:173,6
DA:174,97
DA:175,95
DA:177,95
DA:179,95
DA:193,95
DA:194,0
DA:200,95
DA:201,0
DA:204,95
DA:206,93
DA:207,93
DA:208,91
DA:209,0
DA:210,0
DA:212,93
DA:216,95
DA:218,0
DA:219,0
DA:222,95
DA:223,0
DA:224,0
DA:227,0
DA:231,0
DA:234,95
DA:235,95
DA:236,0
DA:239,95
DA:274,0
DA:285,0
DA:295,0
LF:40
LH:26
BRDA:207,0,0,91
BRDA:207,0,1,2
BRDA:207,1,0,93
BRDA:207,1,1,91
BRDA:223,2,0,0
BRDA:223,2,1,0
BRDA:260,3,0,2
BRDA:260,3,1,93
BRDA:265,4,0,50
BRDA:265,4,1,45
BRDA:271,5,0,2
BRDA:271,5,1,93
BRDA:284,6,0,1
BRDA:284,6,1,94
BRDA:293,7,0,91
BRDA:293,7,1,4
BRF:16
BRH:14
end_of_record
TN:
SF:src/components/organisms/ExtendedNav/extendednavO.stories.tsx
FN:9,(anonymous_0)
FNF:1
FNH:0
FNDA:0,(anonymous_0)
DA:9,0
DA:11,0
DA:12,0
LF:3
LH:0
BRF:0
BRH:0
end_of_record
TN:
SF:src/components/organisms/ExtendedNav/extendednavO.tsx
FN:76,(anonymous_0)
FN:80,(anonymous_1)
FN:94,(anonymous_2)
FNF:3
FNH:3
FNDA:5,(anonymous_0)
FNDA:1,(anonymous_1)
FNDA:90,(anonymous_2)
DA:8,5
DA:17,5
DA:76,5
DA:77,5
DA:79,5
DA:80,5
DA:81,1
DA:85,5
DA:95,90
LF:9
LH:9
BRF:0
BRH:0
end_of_record
TN:
SF:src/components/organisms/Footer/footerO.stories.tsx
FN:9,(anonymous_0)
FNF:1
FNH:0
FNDA:0,(anonymous_0)
DA:9,0
DA:11,0
DA:12,0
LF:3
LH:0
BRF:0
BRH:0
end_of_record
TN:
SF:src/components/organisms/Footer/footerO.tsx
FN:65,(anonymous_0)
FNF:1
FNH:1
FNDA:3,(anonymous_0)
DA:9,4
DA:17,4
DA:24,4
DA:35,4
DA:42,4
DA:55,4
DA:65,4
DA:66,3
DA:68,3
LF:9
LH:9
BRF:0
BRH:0
end_of_record
TN:
SF:src/components/organisms/Header/headerO.stories.tsx
FN:10,(anonymous_0)
FNF:1
FNH:0
FNDA:0,(anonymous_0)
DA:10,0
DA:12,0
LF:2
LH:0
BRF:0
BRH:0
end_of_record
TN:
SF:src/components/organisms/Header/headerO.tsx
FN:85,(anonymous_0)
FN:97,(anonymous_1)
FN:106,(anonymous_2)
FN:119,(anonymous_3)
FNF:4
FNH:2
FNDA:3,(anonymous_0)
FNDA:0,(anonymous_1)
FNDA:1,(anonymous_2)
FNDA:0,(anonymous_3)
DA:14,4
DA:26,4
DA:85,4
DA:87,3
DA:88,3
DA:90,3
DA:93,3
DA:97,3
DA:98,0
DA:100,0
DA:101,0
DA:103,0
DA:106,3
DA:107,1
DA:108,1
DA:109,0
DA:111,1
DA:115,3
DA:117,3
DA:119,3
DA:120,0
DA:122,3
LF:22
LH:16
BRDA:98,0,0,0
BRDA:98,0,1,0
BRDA:100,1,0,0
BRDA:100,1,1,0
BRDA:107,2,0,0
BRDA:107,2,1,1
BRDA:108,3,0,0
BRDA:108,3,1,1
BRDA:139,4,0,1
BRDA:139,4,1,2
BRDA:141,5,0,0
BRDA:141,5,1,3
BRF:12
BRH:5
end_of_record
TN:
SF:src/components/organisms/Tabs/tabsO.stories.tsx
FN:9,(anonymous_0)
FNF:1
FNH:0
FNDA:0,(anonymous_0)
DA:9,0
DA:11,0
DA:12,0
LF:3
LH:0
BRF:0
BRH:0
end_of_record
TN:
SF:src/components/organisms/Tabs/tabsO.tsx
FN:39,(anonymous_0)
FN:42,(anonymous_1)
FN:65,(anonymous_2)
FN:72,(anonymous_3)
FN:76,(anonymous_4)
FN:82,(anonymous_5)
FN:83,(anonymous_6)
FN:135,(anonymous_7)
FN:136,(anonymous_8)
FN:157,(anonymous_9)
FN:158,(anonymous_10)
FNF:11
FNH:8
FNDA:2,(anonymous_0)
FNDA:0,(anonymous_1)
FNDA:1,(anonymous_2)
FNDA:0,(anonymous_3)
FNDA:1,(anonymous_4)
FNDA:1,(anonymous_5)
FNDA:1,(anonymous_6)
FNDA:1,(anonymous_7)
FNDA:1,(anonymous_8)
FNDA:1,(anonymous_9)
FNDA:0,(anonymous_10)
DA:9,3
DA:13,3
DA:17,3
DA:26,3
DA:39,3
DA:40,2
DA:42,1
DA:44,0
DA:47,1
DA:64,1
DA:65,1
DA:66,1
DA:67,0
DA:68,0
DA:72,1
DA:73,0
DA:76,1
DA:77,1
DA:80,1
DA:82,1
DA:83,1
DA:85,1
DA:135,1
DA:137,1
DA:157,1
DA:159,0
LF:26
LH:21
BRDA:82,0,0,0
BRDA:82,0,1,1
BRDA:83,1,0,1
BRDA:83,1,1,0
BRF:4
BRH:2
end_of_record
TN:
SF:src/components/organisms/searchbarfunction/searchbarfunction.tsx
FN:38,Find
FN:40,(anonymous_1)
FN:54,(anonymous_2)
FNF:3
FNH:1
FNDA:3,Find
FNDA:0,(anonymous_1)
FNDA:0,(anonymous_2)
DA:7,3
DA:39,3
DA:40,3
DA:41,0
DA:44,3
DA:54,0
LF:6
LH:4
BRF:0
BRH:0
end_of_record
TN:
SF:src/components/templates/BookDetails/bookdetailsT.stories.tsx
FN:14,(anonymous_0)
FNF:1
FNH:0
FNDA:0,(anonymous_0)
DA:14,0
DA:16,0
DA:17,0
LF:3
LH:0
BRF:0
BRH:0
end_of_record
TN:
SF:src/components/templates/BookDetails/bookdetailsT.tsx
FN:32,(anonymous_0)
FNF:1
FNH:1
FNDA:1,(anonymous_0)
DA:9,2
DA:17,2
DA:21,2
DA:28,2
DA:32,2
DA:33,1
DA:34,1
LF:7
LH:7
BRF:0
BRH:0
end_of_record
TN:
SF:src/components/templates/EntrepreneurshipCategory/enterprT.stories.tsx
FN:16,(anonymous_0)
FNF:1
FNH:0
FNDA:0,(anonymous_0)
DA:16,0
DA:18,0
DA:19,0
LF:3
LH:0
BRF:0
BRH:0
end_of_record
TN:
SF:src/components/templates/EntrepreneurshipCategory/enterprT.tsx
FN:54,(anonymous_0)
FNF:1
FNH:1
FNDA:1,(anonymous_0)
DA:13,2
DA:22,2
DA:28,2
DA:34,2
DA:40,2
DA:46,2
DA:50,2
DA:54,2
DA:55,1
DA:56,1
LF:10
LH:10
BRF:0
BRH:0
end_of_record
TN:
SF:src/components/templates/MyLibrary/mylibT.stories.tsx
FN:14,(anonymous_0)
FNF:1
FNH:0
FNDA:0,(anonymous_0)
DA:14,0
DA:16,0
DA:17,0
LF:3
LH:0
BRF:0
BRH:0
end_of_record
TN:
SF:src/components/templates/MyLibrary/mylibT.tsx
FN:21,(anonymous_0)
FNF:1
FNH:0
FNDA:0,(anonymous_0)
DA:11,2
DA:21,2
DA:22,0
DA:23,0
DA:24,0
LF:5
LH:2
BRF:0
BRH:0
end_of_record
TN:
SF:src/components/themes/theme.tsx
FNF:0
FNH:0
DA:3,13
LF:1
LH:1
BRF:0
BRH:0
end_of_record
TN:
SF:src/data/Constants.tsx
FNF:0
FNH:0
DA:1,6
LF:1
LH:1
BRF:0
BRH:0
end_of_record
TN:
SF:src/data/ExtendedNavData.tsx
FNF:0
FNH:0
DA:20,5
LF:1
LH:1
BRF:0
BRH:0
end_of_record
TN:
SF:src/data/FooterNavData.tsx
FNF:0
FNH:0
DA:1,5
LF:1
LH:1
BRF:0
BRH:0
end_of_record
TN:
SF:src/data/Library.tsx
FNF:0
FNH:0
DA:13,3
LF:1
LH:1
BRF:0
BRH:0
end_of_record
TN:
SF:src/pages/BookDetails/bookdetailsP.tsx
FN:6,(anonymous_0)
FNF:1
FNH:0
FNDA:0,(anonymous_0)
DA:6,1
DA:7,0
LF:2
LH:1
BRF:0
BRH:0
end_of_record
TN:
SF:src/pages/Entrepreneurship/enterpreneurshipP.tsx
FN:11,(anonymous_0)
FNF:1
FNH:0
FNDA:0,(anonymous_0)
DA:11,1
DA:12,0
DA:13,0
LF:3
LH:1
BRF:0
BRH:0
end_of_record
TN:
SF:src/pages/MyLibrary/mylibP.tsx
FN:6,(anonymous_0)
FNF:1
FNH:0
FNDA:0,(anonymous_0)
DA:6,1
DA:7,0
LF:2
LH:1
BRF:0
BRH:0
end_of_record
